mode: set
github.com/mattermost/mattermost/server/v8/channels/app/oembed/endpoint.go:18.69,28.2 6 0
github.com/mattermost/mattermost/server/v8/channels/app/oembed/endpoint.go:32.62,33.37 1 1
github.com/mattermost/mattermost/server/v8/channels/app/oembed/endpoint.go:33.37,34.45 1 1
github.com/mattermost/mattermost/server/v8/channels/app/oembed/endpoint.go:34.45,35.39 1 1
github.com/mattermost/mattermost/server/v8/channels/app/oembed/endpoint.go:35.39,37.5 1 1
github.com/mattermost/mattermost/server/v8/channels/app/oembed/endpoint.go:41.2,41.12 1 1
github.com/mattermost/mattermost/server/v8/channels/app/oembed/oembed.go:39.61,43.16 3 0
github.com/mattermost/mattermost/server/v8/channels/app/oembed/oembed.go:43.16,45.3 1 0
github.com/mattermost/mattermost/server/v8/channels/app/oembed/oembed.go:48.2,48.31 1 0
github.com/mattermost/mattermost/server/v8/channels/app/oembed/oembed.go:48.31,50.3 1 0
github.com/mattermost/mattermost/server/v8/channels/app/oembed/oembed.go:51.2,51.112 1 0
github.com/mattermost/mattermost/server/v8/channels/app/oembed/oembed.go:51.112,53.3 1 0
github.com/mattermost/mattermost/server/v8/channels/app/oembed/oembed.go:55.2,55.23 1 0
github.com/mattermost/mattermost/server/v8/channels/app/oembed/providers_gen.go:17.13,35.2 1 1
github.com/mattermost/mattermost/server/v8/channels/app/featureflag/feature_flags_sync.go:38.64,40.23 2 0
github.com/mattermost/mattermost/server/v8/channels/app/featureflag/feature_flags_sync.go:40.23,42.3 1 0
github.com/mattermost/mattermost/server/v8/channels/app/featureflag/feature_flags_sync.go:42.8,44.3 1 0
github.com/mattermost/mattermost/server/v8/channels/app/featureflag/feature_flags_sync.go:45.2,46.16 2 0
github.com/mattermost/mattermost/server/v8/channels/app/featureflag/feature_flags_sync.go:46.16,48.3 1 0
github.com/mattermost/mattermost/server/v8/channels/app/featureflag/feature_flags_sync.go:50.2,55.8 1 0
github.com/mattermost/mattermost/server/v8/channels/app/featureflag/feature_flags_sync.go:59.44,60.53 1 0
github.com/mattermost/mattermost/server/v8/channels/app/featureflag/feature_flags_sync.go:60.53,62.3 1 0
github.com/mattermost/mattermost/server/v8/channels/app/featureflag/feature_flags_sync.go:64.2,64.12 1 0
github.com/mattermost/mattermost/server/v8/channels/app/featureflag/feature_flags_sync.go:67.92,71.2 3 0
github.com/mattermost/mattermost/server/v8/channels/app/featureflag/feature_flags_sync.go:73.32,75.2 1 0
github.com/mattermost/mattermost/server/v8/channels/app/featureflag/feature_flags_sync.go:82.113,84.49 2 1
github.com/mattermost/mattermost/server/v8/channels/app/featureflag/feature_flags_sync.go:84.49,87.75 2 1
github.com/mattermost/mattermost/server/v8/channels/app/featureflag/feature_flags_sync.go:87.75,88.12 1 1
github.com/mattermost/mattermost/server/v8/channels/app/featureflag/feature_flags_sync.go:91.3,91.33 1 1
github.com/mattermost/mattermost/server/v8/channels/app/featureflag/feature_flags_sync.go:92.21,94.89 2 1
github.com/mattermost/mattermost/server/v8/channels/app/featureflag/feature_flags_sync.go:95.11,96.45 1 1
github.com/mattermost/mattermost/server/v8/channels/app/featureflag/feature_flags_sync.go:99.2,99.25 1 1
github.com/mattermost/mattermost/server/v8/channels/app/featureflag/feature_flags_sync.go:102.38,105.45 3 1
github.com/mattermost/mattermost/server/v8/channels/app/featureflag/feature_flags_sync.go:105.45,107.3 1 1
github.com/mattermost/mattermost/server/v8/channels/app/featureflag/feature_flags_sync.go:109.2,109.19 1 1
github.com/mattermost/mattermost/server/v8/channels/app/featureflag/split_logger.go:16.41,18.2 1 0
github.com/mattermost/mattermost/server/v8/channels/app/featureflag/split_logger.go:20.43,22.2 1 0
github.com/mattermost/mattermost/server/v8/channels/app/featureflag/split_logger.go:25.41,27.2 0 0
github.com/mattermost/mattermost/server/v8/channels/app/featureflag/split_logger.go:29.42,31.2 0 0
github.com/mattermost/mattermost/server/v8/channels/app/featureflag/split_logger.go:33.44,35.2 0 0
github.com/mattermost/mattermost/server/v8/channels/app/password/hashers/bcrypt.go:47.25,49.2 1 1
github.com/mattermost/mattermost/server/v8/channels/app/password/hashers/bcrypt.go:58.55,60.16 2 1
github.com/mattermost/mattermost/server/v8/channels/app/password/hashers/bcrypt.go:60.16,61.48 1 1
github.com/mattermost/mattermost/server/v8/channels/app/password/hashers/bcrypt.go:61.48,63.4 1 1
github.com/mattermost/mattermost/server/v8/channels/app/password/hashers/bcrypt.go:64.3,64.17 1 0
github.com/mattermost/mattermost/server/v8/channels/app/password/hashers/bcrypt.go:67.2,67.26 1 1
github.com/mattermost/mattermost/server/v8/channels/app/password/hashers/bcrypt.go:75.83,77.57 2 1
github.com/mattermost/mattermost/server/v8/channels/app/password/hashers/bcrypt.go:77.57,79.3 1 1
github.com/mattermost/mattermost/server/v8/channels/app/password/hashers/bcrypt.go:81.2,81.12 1 1
github.com/mattermost/mattermost/server/v8/channels/app/password/hashers/bcrypt.go:85.53,87.2 1 0
github.com/mattermost/mattermost/server/v8/channels/app/password/hashers/hashers.go:97.74,101.2 1 1
github.com/mattermost/mattermost/server/v8/channels/app/password/hashers/hashers.go:108.86,110.16 2 1
github.com/mattermost/mattermost/server/v8/channels/app/password/hashers/hashers.go:110.16,114.3 2 1
github.com/mattermost/mattermost/server/v8/channels/app/password/hashers/hashers.go:117.2,117.34 1 1
github.com/mattermost/mattermost/server/v8/channels/app/password/hashers/hashers.go:117.34,119.3 1 1
github.com/mattermost/mattermost/server/v8/channels/app/password/hashers/hashers.go:122.2,122.16 1 1
github.com/mattermost/mattermost/server/v8/channels/app/password/hashers/hashers.go:123.24,125.17 2 1
github.com/mattermost/mattermost/server/v8/channels/app/password/hashers/hashers.go:125.17,127.4 1 1
github.com/mattermost/mattermost/server/v8/channels/app/password/hashers/hashers.go:128.3,128.26 1 1
github.com/mattermost/mattermost/server/v8/channels/app/password/hashers/hashers.go:130.10,132.26 2 1
github.com/mattermost/mattermost/server/v8/channels/app/password/hashers/hashers.go:137.44,139.2 1 0
github.com/mattermost/mattermost/server/v8/channels/app/password/hashers/hashers.go:143.71,145.2 1 0
github.com/mattermost/mattermost/server/v8/channels/app/password/hashers/hashers.go:149.49,151.2 1 1
github.com/mattermost/mattermost/server/v8/channels/app/password/hashers/pbkdf2.go:73.29,75.16 2 1
github.com/mattermost/mattermost/server/v8/channels/app/password/hashers/pbkdf2.go:75.16,76.53 1 0
github.com/mattermost/mattermost/server/v8/channels/app/password/hashers/pbkdf2.go:78.2,78.15 1 1
github.com/mattermost/mattermost/server/v8/channels/app/password/hashers/pbkdf2.go:82.63,83.21 1 1
github.com/mattermost/mattermost/server/v8/channels/app/password/hashers/pbkdf2.go:83.21,85.3 1 1
github.com/mattermost/mattermost/server/v8/channels/app/password/hashers/pbkdf2.go:87.2,87.20 1 1
github.com/mattermost/mattermost/server/v8/channels/app/password/hashers/pbkdf2.go:87.20,89.3 1 0
github.com/mattermost/mattermost/server/v8/channels/app/password/hashers/pbkdf2.go:93.2,114.8 11 1
github.com/mattermost/mattermost/server/v8/channels/app/password/hashers/pbkdf2.go:119.58,121.16 2 1
github.com/mattermost/mattermost/server/v8/channels/app/password/hashers/pbkdf2.go:121.16,123.3 1 0
github.com/mattermost/mattermost/server/v8/channels/app/password/hashers/pbkdf2.go:125.2,126.16 2 1
github.com/mattermost/mattermost/server/v8/channels/app/password/hashers/pbkdf2.go:126.16,128.3 1 0
github.com/mattermost/mattermost/server/v8/channels/app/password/hashers/pbkdf2.go:130.2,130.41 1 1
github.com/mattermost/mattermost/server/v8/channels/app/password/hashers/pbkdf2.go:135.76,137.16 2 1
github.com/mattermost/mattermost/server/v8/channels/app/password/hashers/pbkdf2.go:137.16,139.3 1 0
github.com/mattermost/mattermost/server/v8/channels/app/password/hashers/pbkdf2.go:141.2,142.25 2 1
github.com/mattermost/mattermost/server/v8/channels/app/password/hashers/pbkdf2.go:151.55,153.44 1 1
github.com/mattermost/mattermost/server/v8/channels/app/password/hashers/pbkdf2.go:153.44,155.3 1 0
github.com/mattermost/mattermost/server/v8/channels/app/password/hashers/pbkdf2.go:158.2,159.58 2 1
github.com/mattermost/mattermost/server/v8/channels/app/password/hashers/pbkdf2.go:159.58,161.3 1 0
github.com/mattermost/mattermost/server/v8/channels/app/password/hashers/pbkdf2.go:164.2,165.16 2 1
github.com/mattermost/mattermost/server/v8/channels/app/password/hashers/pbkdf2.go:165.16,167.3 1 0
github.com/mattermost/mattermost/server/v8/channels/app/password/hashers/pbkdf2.go:170.2,189.32 7 1
github.com/mattermost/mattermost/server/v8/channels/app/password/hashers/pbkdf2.go:197.83,199.25 1 1
github.com/mattermost/mattermost/server/v8/channels/app/password/hashers/pbkdf2.go:199.25,201.3 1 0
github.com/mattermost/mattermost/server/v8/channels/app/password/hashers/pbkdf2.go:203.2,204.16 2 1
github.com/mattermost/mattermost/server/v8/channels/app/password/hashers/pbkdf2.go:204.16,206.3 1 0
github.com/mattermost/mattermost/server/v8/channels/app/password/hashers/pbkdf2.go:209.2,210.16 2 1
github.com/mattermost/mattermost/server/v8/channels/app/password/hashers/pbkdf2.go:210.16,212.3 1 0
github.com/mattermost/mattermost/server/v8/channels/app/password/hashers/pbkdf2.go:215.2,215.73 1 1
github.com/mattermost/mattermost/server/v8/channels/app/password/hashers/pbkdf2.go:215.73,217.3 1 1
github.com/mattermost/mattermost/server/v8/channels/app/password/hashers/pbkdf2.go:219.2,219.12 1 1
github.com/mattermost/mattermost/server/v8/channels/app/password/hashers/pbkdf2.go:226.52,232.2 1 1
github.com/mattermost/mattermost/server/v8/channels/app/password/phcparser/parser.go:47.31,49.2 1 1
github.com/mattermost/mattermost/server/v8/channels/app/password/phcparser/parser.go:93.38,95.2 1 1
github.com/mattermost/mattermost/server/v8/channels/app/password/phcparser/parser.go:98.29,100.2 1 1
github.com/mattermost/mattermost/server/v8/channels/app/password/phcparser/parser.go:103.28,105.2 1 1
github.com/mattermost/mattermost/server/v8/channels/app/password/phcparser/parser.go:108.26,110.2 1 1
github.com/mattermost/mattermost/server/v8/channels/app/password/phcparser/parser.go:113.29,115.2 1 1
github.com/mattermost/mattermost/server/v8/channels/app/password/phcparser/parser.go:118.52,120.2 1 1
github.com/mattermost/mattermost/server/v8/channels/app/password/phcparser/parser.go:123.44,125.2 1 1
github.com/mattermost/mattermost/server/v8/channels/app/password/phcparser/parser.go:128.25,130.2 1 1
github.com/mattermost/mattermost/server/v8/channels/app/password/phcparser/parser.go:133.30,135.16 2 1
github.com/mattermost/mattermost/server/v8/channels/app/password/phcparser/parser.go:135.16,137.3 1 1
github.com/mattermost/mattermost/server/v8/channels/app/password/phcparser/parser.go:138.2,138.11 1 1
github.com/mattermost/mattermost/server/v8/channels/app/password/phcparser/parser.go:142.27,142.56 1 1
github.com/mattermost/mattermost/server/v8/channels/app/password/phcparser/parser.go:146.83,149.28 2 1
github.com/mattermost/mattermost/server/v8/channels/app/password/phcparser/parser.go:149.28,152.3 2 1
github.com/mattermost/mattermost/server/v8/channels/app/password/phcparser/parser.go:154.2,154.12 1 1
github.com/mattermost/mattermost/server/v8/channels/app/password/phcparser/parser.go:155.11,156.17 1 1
github.com/mattermost/mattermost/server/v8/channels/app/password/phcparser/parser.go:157.11,158.32 1 1
github.com/mattermost/mattermost/server/v8/channels/app/password/phcparser/parser.go:159.11,160.27 1 1
github.com/mattermost/mattermost/server/v8/channels/app/password/phcparser/parser.go:161.11,162.31 1 1
github.com/mattermost/mattermost/server/v8/channels/app/password/phcparser/parser.go:165.2,165.28 1 0
github.com/mattermost/mattermost/server/v8/channels/app/password/phcparser/parser.go:170.88,174.6 3 1
github.com/mattermost/mattermost/server/v8/channels/app/password/phcparser/parser.go:174.6,176.16 2 1
github.com/mattermost/mattermost/server/v8/channels/app/password/phcparser/parser.go:176.16,177.9 1 1
github.com/mattermost/mattermost/server/v8/channels/app/password/phcparser/parser.go:180.3,180.30 1 1
github.com/mattermost/mattermost/server/v8/channels/app/password/phcparser/parser.go:180.30,182.9 2 1
github.com/mattermost/mattermost/server/v8/channels/app/password/phcparser/parser.go:185.3,185.27 1 1
github.com/mattermost/mattermost/server/v8/channels/app/password/phcparser/parser.go:190.2,190.28 1 1
github.com/mattermost/mattermost/server/v8/channels/app/password/phcparser/parser.go:198.58,200.2 1 1
github.com/mattermost/mattermost/server/v8/channels/app/password/phcparser/parser.go:208.61,210.18 2 1
github.com/mattermost/mattermost/server/v8/channels/app/password/phcparser/parser.go:211.29,212.52 1 1
github.com/mattermost/mattermost/server/v8/channels/app/password/phcparser/parser.go:213.18,214.44 1 1
github.com/mattermost/mattermost/server/v8/channels/app/password/phcparser/parser.go:215.18,216.26 1 1
github.com/mattermost/mattermost/server/v8/channels/app/password/phcparser/parser.go:217.10,218.25 1 1
github.com/mattermost/mattermost/server/v8/channels/app/password/phcparser/parser.go:221.2,222.25 2 1
github.com/mattermost/mattermost/server/v8/channels/app/password/phcparser/parser.go:222.25,224.3 1 1
github.com/mattermost/mattermost/server/v8/channels/app/password/phcparser/parser.go:226.2,226.21 1 1
github.com/mattermost/mattermost/server/v8/channels/app/password/phcparser/parser.go:230.52,232.16 2 1
github.com/mattermost/mattermost/server/v8/channels/app/password/phcparser/parser.go:232.16,234.3 1 1
github.com/mattermost/mattermost/server/v8/channels/app/password/phcparser/parser.go:236.2,237.16 2 1
github.com/mattermost/mattermost/server/v8/channels/app/password/phcparser/parser.go:237.16,239.3 1 1
github.com/mattermost/mattermost/server/v8/channels/app/password/phcparser/parser.go:240.2,240.21 1 1
github.com/mattermost/mattermost/server/v8/channels/app/password/phcparser/parser.go:244.46,247.16 2 1
github.com/mattermost/mattermost/server/v8/channels/app/password/phcparser/parser.go:247.16,249.3 1 0
github.com/mattermost/mattermost/server/v8/channels/app/password/phcparser/parser.go:252.2,253.16 2 1
github.com/mattermost/mattermost/server/v8/channels/app/password/phcparser/parser.go:253.16,255.3 1 0
github.com/mattermost/mattermost/server/v8/channels/app/password/phcparser/parser.go:257.2,257.18 1 1
github.com/mattermost/mattermost/server/v8/channels/app/password/phcparser/parser.go:262.50,263.57 1 1
github.com/mattermost/mattermost/server/v8/channels/app/password/phcparser/parser.go:263.57,265.3 1 0
github.com/mattermost/mattermost/server/v8/channels/app/password/phcparser/parser.go:267.2,267.33 1 1
github.com/mattermost/mattermost/server/v8/channels/app/password/phcparser/parser.go:274.39,281.16 4 1
github.com/mattermost/mattermost/server/v8/channels/app/password/phcparser/parser.go:281.16,283.3 1 1
github.com/mattermost/mattermost/server/v8/channels/app/password/phcparser/parser.go:284.2,287.52 2 1
github.com/mattermost/mattermost/server/v8/channels/app/password/phcparser/parser.go:288.11,290.18 1 1
github.com/mattermost/mattermost/server/v8/channels/app/password/phcparser/parser.go:291.18,293.8 1 1
github.com/mattermost/mattermost/server/v8/channels/app/password/phcparser/parser.go:294.10,295.69 1 0
github.com/mattermost/mattermost/server/v8/channels/app/password/phcparser/parser.go:304.2,305.16 2 1
github.com/mattermost/mattermost/server/v8/channels/app/password/phcparser/parser.go:305.16,307.3 1 1
github.com/mattermost/mattermost/server/v8/channels/app/password/phcparser/parser.go:311.2,311.40 1 1
github.com/mattermost/mattermost/server/v8/channels/app/password/phcparser/parser.go:311.40,313.17 2 1
github.com/mattermost/mattermost/server/v8/channels/app/password/phcparser/parser.go:313.17,315.4 1 0
github.com/mattermost/mattermost/server/v8/channels/app/password/phcparser/parser.go:316.3,319.53 2 1
github.com/mattermost/mattermost/server/v8/channels/app/password/phcparser/parser.go:320.12,322.19 1 1
github.com/mattermost/mattermost/server/v8/channels/app/password/phcparser/parser.go:323.19,325.9 1 1
github.com/mattermost/mattermost/server/v8/channels/app/password/phcparser/parser.go:326.11,327.70 1 0
github.com/mattermost/mattermost/server/v8/channels/app/password/phcparser/parser.go:332.3,333.17 2 1
github.com/mattermost/mattermost/server/v8/channels/app/password/phcparser/parser.go:333.17,335.4 1 0
github.com/mattermost/mattermost/server/v8/channels/app/password/phcparser/parser.go:340.2,343.52 2 1
github.com/mattermost/mattermost/server/v8/channels/app/password/phcparser/parser.go:346.17,350.23 2 1
github.com/mattermost/mattermost/server/v8/channels/app/password/phcparser/parser.go:350.23,352.4 1 1
github.com/mattermost/mattermost/server/v8/channels/app/password/phcparser/parser.go:354.3,355.17 2 1
github.com/mattermost/mattermost/server/v8/channels/app/password/phcparser/parser.go:355.17,357.4 1 1
github.com/mattermost/mattermost/server/v8/channels/app/password/phcparser/parser.go:360.3,360.37 1 1
github.com/mattermost/mattermost/server/v8/channels/app/password/phcparser/parser.go:364.23,369.26 3 1
github.com/mattermost/mattermost/server/v8/channels/app/password/phcparser/parser.go:369.26,371.18 2 1
github.com/mattermost/mattermost/server/v8/channels/app/password/phcparser/parser.go:371.18,373.5 1 0
github.com/mattermost/mattermost/server/v8/channels/app/password/phcparser/parser.go:374.4,374.19 1 1
github.com/mattermost/mattermost/server/v8/channels/app/password/phcparser/parser.go:377.3,377.18 1 1
github.com/mattermost/mattermost/server/v8/channels/app/password/phcparser/parser.go:379.10,380.84 1 0
github.com/mattermost/mattermost/server/v8/channels/app/password/phcparser/parser.go:389.2,389.6 1 1
github.com/mattermost/mattermost/server/v8/channels/app/password/phcparser/parser.go:389.6,390.53 1 1
github.com/mattermost/mattermost/server/v8/channels/app/password/phcparser/parser.go:392.12,393.19 1 1
github.com/mattermost/mattermost/server/v8/channels/app/password/phcparser/parser.go:395.14,397.18 2 1
github.com/mattermost/mattermost/server/v8/channels/app/password/phcparser/parser.go:397.18,399.5 1 1
github.com/mattermost/mattermost/server/v8/channels/app/password/phcparser/parser.go:401.4,402.18 2 1
github.com/mattermost/mattermost/server/v8/channels/app/password/phcparser/parser.go:402.18,404.5 1 1
github.com/mattermost/mattermost/server/v8/channels/app/password/phcparser/parser.go:405.4,405.38 1 1
github.com/mattermost/mattermost/server/v8/channels/app/password/phcparser/parser.go:407.19,409.18 2 1
github.com/mattermost/mattermost/server/v8/channels/app/password/phcparser/parser.go:409.18,411.5 1 0
github.com/mattermost/mattermost/server/v8/channels/app/password/phcparser/parser.go:412.4,414.57 2 1
github.com/mattermost/mattermost/server/v8/channels/app/password/phcparser/parser.go:416.20,418.19 2 1
github.com/mattermost/mattermost/server/v8/channels/app/password/phcparser/parser.go:418.19,420.6 1 0
github.com/mattermost/mattermost/server/v8/channels/app/password/phcparser/parser.go:421.5,422.20 2 1
github.com/mattermost/mattermost/server/v8/channels/app/password/phcparser/parser.go:424.13,425.20 1 1
github.com/mattermost/mattermost/server/v8/channels/app/password/phcparser/parser.go:427.12,428.82 1 0
github.com/mattermost/mattermost/server/v8/channels/app/password/phcparser/parser.go:430.11,431.82 1 0
github.com/mattermost/mattermost/server/v8/channels/app/imaging/decode.go:29.43,30.28 1 1
github.com/mattermost/mattermost/server/v8/channels/app/imaging/decode.go:30.28,32.3 1 1
github.com/mattermost/mattermost/server/v8/channels/app/imaging/decode.go:33.2,33.12 1 1
github.com/mattermost/mattermost/server/v8/channels/app/imaging/decode.go:44.56,46.40 2 1
github.com/mattermost/mattermost/server/v8/channels/app/imaging/decode.go:46.40,48.3 1 1
github.com/mattermost/mattermost/server/v8/channels/app/imaging/decode.go:49.2,49.31 1 1
github.com/mattermost/mattermost/server/v8/channels/app/imaging/decode.go:49.31,51.3 1 1
github.com/mattermost/mattermost/server/v8/channels/app/imaging/decode.go:52.2,53.16 2 1
github.com/mattermost/mattermost/server/v8/channels/app/imaging/decode.go:57.84,58.34 1 1
github.com/mattermost/mattermost/server/v8/channels/app/imaging/decode.go:58.34,60.16 2 1
github.com/mattermost/mattermost/server/v8/channels/app/imaging/decode.go:60.16,60.27 1 1
github.com/mattermost/mattermost/server/v8/channels/app/imaging/decode.go:63.2,64.16 2 1
github.com/mattermost/mattermost/server/v8/channels/app/imaging/decode.go:64.16,66.3 1 0
github.com/mattermost/mattermost/server/v8/channels/app/imaging/decode.go:68.2,68.25 1 1
github.com/mattermost/mattermost/server/v8/channels/app/imaging/decode.go:74.114,75.34 1 1
github.com/mattermost/mattermost/server/v8/channels/app/imaging/decode.go:75.34,77.16 2 1
github.com/mattermost/mattermost/server/v8/channels/app/imaging/decode.go:77.16,78.18 1 1
github.com/mattermost/mattermost/server/v8/channels/app/imaging/decode.go:78.18,80.5 1 1
github.com/mattermost/mattermost/server/v8/channels/app/imaging/decode.go:84.2,85.16 2 1
github.com/mattermost/mattermost/server/v8/channels/app/imaging/decode.go:85.16,87.3 1 1
github.com/mattermost/mattermost/server/v8/channels/app/imaging/decode.go:89.2,90.23 2 1
github.com/mattermost/mattermost/server/v8/channels/app/imaging/decode.go:90.23,91.35 1 1
github.com/mattermost/mattermost/server/v8/channels/app/imaging/decode.go:91.35,93.4 1 0
github.com/mattermost/mattermost/server/v8/channels/app/imaging/decode.go:94.3,94.18 1 1
github.com/mattermost/mattermost/server/v8/channels/app/imaging/decode.go:94.18,95.18 1 1
github.com/mattermost/mattermost/server/v8/channels/app/imaging/decode.go:95.18,97.5 1 1
github.com/mattermost/mattermost/server/v8/channels/app/imaging/decode.go:98.4,98.11 1 1
github.com/mattermost/mattermost/server/v8/channels/app/imaging/decode.go:102.2,102.38 1 1
github.com/mattermost/mattermost/server/v8/channels/app/imaging/decode.go:106.76,108.16 2 1
github.com/mattermost/mattermost/server/v8/channels/app/imaging/decode.go:108.16,110.3 1 0
github.com/mattermost/mattermost/server/v8/channels/app/imaging/decode.go:111.2,111.25 1 1
github.com/mattermost/mattermost/server/v8/channels/app/imaging/decode.go:115.76,118.45 3 0
github.com/mattermost/mattermost/server/v8/channels/app/imaging/decode.go:118.45,120.32 2 0
github.com/mattermost/mattermost/server/v8/channels/app/imaging/decode.go:120.32,122.4 1 0
github.com/mattermost/mattermost/server/v8/channels/app/imaging/decode.go:124.2,124.8 1 0
github.com/mattermost/mattermost/server/v8/channels/app/imaging/decode.go:128.40,129.27 1 1
github.com/mattermost/mattermost/server/v8/channels/app/imaging/decode.go:130.20,131.16 1 0
github.com/mattermost/mattermost/server/v8/channels/app/imaging/decode.go:132.22,133.16 1 0
github.com/mattermost/mattermost/server/v8/channels/app/imaging/decode.go:134.19,135.16 1 0
github.com/mattermost/mattermost/server/v8/channels/app/imaging/decode.go:136.21,137.16 1 0
github.com/mattermost/mattermost/server/v8/channels/app/imaging/decode.go:138.20,139.16 1 0
github.com/mattermost/mattermost/server/v8/channels/app/imaging/decode.go:140.22,141.16 1 0
github.com/mattermost/mattermost/server/v8/channels/app/imaging/decode.go:142.23,143.16 1 0
github.com/mattermost/mattermost/server/v8/channels/app/imaging/decode.go:144.19,145.16 1 1
github.com/mattermost/mattermost/server/v8/channels/app/imaging/decode.go:146.21,147.16 1 0
github.com/mattermost/mattermost/server/v8/channels/app/imaging/decode.go:148.10,149.9 1 0
github.com/mattermost/mattermost/server/v8/channels/app/imaging/encode.go:23.43,24.28 1 1
github.com/mattermost/mattermost/server/v8/channels/app/imaging/encode.go:24.28,26.3 1 1
github.com/mattermost/mattermost/server/v8/channels/app/imaging/encode.go:27.2,27.12 1 1
github.com/mattermost/mattermost/server/v8/channels/app/imaging/encode.go:39.56,41.40 2 1
github.com/mattermost/mattermost/server/v8/channels/app/imaging/encode.go:41.40,43.3 1 1
github.com/mattermost/mattermost/server/v8/channels/app/imaging/encode.go:44.2,44.31 1 1
github.com/mattermost/mattermost/server/v8/channels/app/imaging/encode.go:44.31,46.3 1 1
github.com/mattermost/mattermost/server/v8/channels/app/imaging/encode.go:47.2,51.16 3 1
github.com/mattermost/mattermost/server/v8/channels/app/imaging/encode.go:56.80,57.33 1 1
github.com/mattermost/mattermost/server/v8/channels/app/imaging/encode.go:57.33,59.16 2 1
github.com/mattermost/mattermost/server/v8/channels/app/imaging/encode.go:59.16,61.4 1 1
github.com/mattermost/mattermost/server/v8/channels/app/imaging/encode.go:64.2,66.55 3 1
github.com/mattermost/mattermost/server/v8/channels/app/imaging/encode.go:66.55,68.3 1 0
github.com/mattermost/mattermost/server/v8/channels/app/imaging/encode.go:70.2,70.12 1 1
github.com/mattermost/mattermost/server/v8/channels/app/imaging/encode.go:75.66,76.33 1 1
github.com/mattermost/mattermost/server/v8/channels/app/imaging/encode.go:76.33,78.16 2 1
github.com/mattermost/mattermost/server/v8/channels/app/imaging/encode.go:78.16,80.4 1 1
github.com/mattermost/mattermost/server/v8/channels/app/imaging/encode.go:83.2,83.53 1 1
github.com/mattermost/mattermost/server/v8/channels/app/imaging/encode.go:83.53,85.3 1 0
github.com/mattermost/mattermost/server/v8/channels/app/imaging/encode.go:87.2,87.12 1 1
github.com/mattermost/mattermost/server/v8/channels/app/imaging/orientation.go:41.69,42.21 1 0
github.com/mattermost/mattermost/server/v8/channels/app/imaging/orientation.go:43.23,44.30 1 0
github.com/mattermost/mattermost/server/v8/channels/app/imaging/orientation.go:45.18,46.84 1 0
github.com/mattermost/mattermost/server/v8/channels/app/imaging/orientation.go:47.26,48.30 1 0
github.com/mattermost/mattermost/server/v8/channels/app/imaging/orientation.go:49.25,50.101 1 0
github.com/mattermost/mattermost/server/v8/channels/app/imaging/orientation.go:51.18,52.83 1 0
github.com/mattermost/mattermost/server/v8/channels/app/imaging/orientation.go:53.26,54.101 1 0
github.com/mattermost/mattermost/server/v8/channels/app/imaging/orientation.go:55.17,56.84 1 0
github.com/mattermost/mattermost/server/v8/channels/app/imaging/orientation.go:57.10,58.13 1 0
github.com/mattermost/mattermost/server/v8/channels/app/imaging/orientation.go:67.48,69.16 2 1
github.com/mattermost/mattermost/server/v8/channels/app/imaging/orientation.go:69.16,71.3 1 1
github.com/mattermost/mattermost/server/v8/channels/app/imaging/orientation.go:72.2,73.15 2 1
github.com/mattermost/mattermost/server/v8/channels/app/imaging/orientation.go:76.66,81.20 2 1
github.com/mattermost/mattermost/server/v8/channels/app/imaging/orientation.go:81.20,83.3 1 1
github.com/mattermost/mattermost/server/v8/channels/app/imaging/orientation.go:85.2,86.28 2 1
github.com/mattermost/mattermost/server/v8/channels/app/imaging/orientation.go:86.28,88.3 1 1
github.com/mattermost/mattermost/server/v8/channels/app/imaging/orientation.go:91.2,92.16 2 1
github.com/mattermost/mattermost/server/v8/channels/app/imaging/orientation.go:92.16,94.3 1 1
github.com/mattermost/mattermost/server/v8/channels/app/imaging/orientation.go:96.2,98.19 2 1
github.com/mattermost/mattermost/server/v8/channels/app/imaging/orientation.go:105.71,112.16 4 1
github.com/mattermost/mattermost/server/v8/channels/app/imaging/orientation.go:113.14,114.29 1 1
github.com/mattermost/mattermost/server/v8/channels/app/imaging/orientation.go:115.13,116.28 1 1
github.com/mattermost/mattermost/server/v8/channels/app/imaging/orientation.go:117.14,118.29 1 1
github.com/mattermost/mattermost/server/v8/channels/app/imaging/orientation.go:119.14,120.29 1 1
github.com/mattermost/mattermost/server/v8/channels/app/imaging/orientation.go:121.10,123.73 1 0
github.com/mattermost/mattermost/server/v8/channels/app/imaging/orientation.go:126.2,127.40 2 1
github.com/mattermost/mattermost/server/v8/channels/app/imaging/orientation.go:127.40,129.3 1 1
github.com/mattermost/mattermost/server/v8/channels/app/imaging/orientation.go:129.8,131.3 1 1
github.com/mattermost/mattermost/server/v8/channels/app/imaging/orientation.go:133.2,135.48 1 1
github.com/mattermost/mattermost/server/v8/channels/app/imaging/orientation.go:135.48,136.32 1 1
github.com/mattermost/mattermost/server/v8/channels/app/imaging/orientation.go:136.32,137.40 1 1
github.com/mattermost/mattermost/server/v8/channels/app/imaging/orientation.go:137.40,142.6 2 1
github.com/mattermost/mattermost/server/v8/channels/app/imaging/orientation.go:144.4,144.14 1 0
github.com/mattermost/mattermost/server/v8/channels/app/imaging/orientation.go:146.53,149.4 1 1
github.com/mattermost/mattermost/server/v8/channels/app/imaging/orientation.go:154.2,154.83 1 1
github.com/mattermost/mattermost/server/v8/channels/app/imaging/orientation.go:154.83,156.3 1 0
github.com/mattermost/mattermost/server/v8/channels/app/imaging/orientation.go:158.2,158.25 1 1
github.com/mattermost/mattermost/server/v8/channels/app/imaging/preview.go:16.62,20.15 3 0
github.com/mattermost/mattermost/server/v8/channels/app/imaging/preview.go:20.15,22.3 1 0
github.com/mattermost/mattermost/server/v8/channels/app/imaging/preview.go:24.2,24.16 1 0
github.com/mattermost/mattermost/server/v8/channels/app/imaging/preview.go:28.84,33.20 3 1
github.com/mattermost/mattermost/server/v8/channels/app/imaging/preview.go:33.20,35.3 1 1
github.com/mattermost/mattermost/server/v8/channels/app/imaging/preview.go:37.2,37.56 1 1
github.com/mattermost/mattermost/server/v8/channels/app/imaging/preview.go:41.77,44.78 3 0
github.com/mattermost/mattermost/server/v8/channels/app/imaging/preview.go:44.78,46.3 1 0
github.com/mattermost/mattermost/server/v8/channels/app/imaging/preview.go:47.2,47.25 1 0
github.com/mattermost/mattermost/server/v8/channels/app/imaging/svg.go:22.53,30.6 3 1
github.com/mattermost/mattermost/server/v8/channels/app/imaging/svg.go:30.6,32.17 2 1
github.com/mattermost/mattermost/server/v8/channels/app/imaging/svg.go:32.17,34.4 1 1
github.com/mattermost/mattermost/server/v8/channels/app/imaging/svg.go:35.3,35.28 1 1
github.com/mattermost/mattermost/server/v8/channels/app/imaging/svg.go:36.25,37.32 1 1
github.com/mattermost/mattermost/server/v8/channels/app/imaging/svg.go:37.32,38.37 1 1
github.com/mattermost/mattermost/server/v8/channels/app/imaging/svg.go:38.37,40.26 2 1
github.com/mattermost/mattermost/server/v8/channels/app/imaging/svg.go:40.26,47.46 5 1
github.com/mattermost/mattermost/server/v8/channels/app/imaging/svg.go:47.46,49.8 1 0
github.com/mattermost/mattermost/server/v8/channels/app/imaging/svg.go:51.7,54.26 3 1
github.com/mattermost/mattermost/server/v8/channels/app/imaging/svg.go:57.5,57.35 1 1
github.com/mattermost/mattermost/server/v8/channels/app/imaging/svg.go:57.35,61.20 3 1
github.com/mattermost/mattermost/server/v8/channels/app/imaging/svg.go:61.20,63.7 1 0
github.com/mattermost/mattermost/server/v8/channels/app/imaging/svg.go:65.6,65.27 1 1
github.com/mattermost/mattermost/server/v8/channels/app/imaging/svg.go:67.5,67.36 1 1
github.com/mattermost/mattermost/server/v8/channels/app/imaging/svg.go:67.36,71.20 3 1
github.com/mattermost/mattermost/server/v8/channels/app/imaging/svg.go:71.20,73.7 1 0
github.com/mattermost/mattermost/server/v8/channels/app/imaging/svg.go:75.6,75.29 1 1
github.com/mattermost/mattermost/server/v8/channels/app/imaging/svg.go:79.4,79.49 1 1
github.com/mattermost/mattermost/server/v8/channels/app/imaging/svg.go:79.49,81.5 1 1
github.com/mattermost/mattermost/server/v8/channels/app/imaging/svg.go:83.4,83.23 1 1
github.com/mattermost/mattermost/server/v8/channels/app/imaging/utils.go:20.45,25.2 2 1
github.com/mattermost/mattermost/server/v8/channels/app/imaging/utils.go:29.60,34.21 3 1
github.com/mattermost/mattermost/server/v8/channels/app/imaging/utils.go:34.21,35.48 1 0
github.com/mattermost/mattermost/server/v8/channels/app/imaging/utils.go:35.48,36.49 1 0
github.com/mattermost/mattermost/server/v8/channels/app/imaging/utils.go:36.49,37.41 1 0
github.com/mattermost/mattermost/server/v8/channels/app/imaging/utils.go:37.41,39.6 1 0
github.com/mattermost/mattermost/server/v8/channels/app/imaging/utils.go:44.2,44.27 1 1
github.com/mattermost/mattermost/server/v8/channels/app/imaging/utils.go:45.20,46.10 1 0
github.com/mattermost/mattermost/server/v8/channels/app/imaging/utils.go:47.22,48.10 1 0
github.com/mattermost/mattermost/server/v8/channels/app/imaging/utils.go:49.19,50.10 1 0
github.com/mattermost/mattermost/server/v8/channels/app/imaging/utils.go:51.21,52.10 1 0
github.com/mattermost/mattermost/server/v8/channels/app/imaging/utils.go:53.20,56.21 3 1
github.com/mattermost/mattermost/server/v8/channels/app/imaging/utils.go:56.21,57.49 1 1
github.com/mattermost/mattermost/server/v8/channels/app/imaging/utils.go:57.49,58.50 1 1
github.com/mattermost/mattermost/server/v8/channels/app/imaging/utils.go:58.50,60.30 2 1
github.com/mattermost/mattermost/server/v8/channels/app/imaging/utils.go:60.30,65.7 4 1
github.com/mattermost/mattermost/server/v8/channels/app/imaging/utils.go:69.22,72.21 3 1
github.com/mattermost/mattermost/server/v8/channels/app/imaging/utils.go:72.21,73.49 1 1
github.com/mattermost/mattermost/server/v8/channels/app/imaging/utils.go:73.49,74.50 1 1
github.com/mattermost/mattermost/server/v8/channels/app/imaging/utils.go:74.50,77.16 3 1
github.com/mattermost/mattermost/server/v8/channels/app/imaging/utils.go:77.16,86.7 8 1
github.com/mattermost/mattermost/server/v8/channels/app/imaging/utils.go:90.23,92.21 2 1
github.com/mattermost/mattermost/server/v8/channels/app/imaging/utils.go:92.21,93.31 1 1
github.com/mattermost/mattermost/server/v8/channels/app/imaging/utils.go:93.31,94.43 1 1
github.com/mattermost/mattermost/server/v8/channels/app/imaging/utils.go:94.43,96.6 1 1
github.com/mattermost/mattermost/server/v8/channels/app/imaging/utils.go:99.19,102.21 3 0
github.com/mattermost/mattermost/server/v8/channels/app/imaging/utils.go:102.21,103.49 1 0
github.com/mattermost/mattermost/server/v8/channels/app/imaging/utils.go:103.49,104.50 1 0
github.com/mattermost/mattermost/server/v8/channels/app/imaging/utils.go:104.50,106.30 2 0
github.com/mattermost/mattermost/server/v8/channels/app/imaging/utils.go:106.30,111.7 4 0
github.com/mattermost/mattermost/server/v8/channels/app/imaging/utils.go:115.21,118.21 3 0
github.com/mattermost/mattermost/server/v8/channels/app/imaging/utils.go:118.21,119.49 1 0
github.com/mattermost/mattermost/server/v8/channels/app/imaging/utils.go:119.49,120.50 1 0
github.com/mattermost/mattermost/server/v8/channels/app/imaging/utils.go:120.50,123.16 3 0
github.com/mattermost/mattermost/server/v8/channels/app/imaging/utils.go:123.16,132.7 8 0
github.com/mattermost/mattermost/server/v8/channels/app/imaging/utils.go:136.10,137.9 1 0
github.com/mattermost/mattermost/server/v8/channels/app/imaging/utils.go:140.2,140.17 1 1
github.com/mattermost/mattermost/server/v8/channels/app/imaging/utils.go:140.17,142.3 1 1
github.com/mattermost/mattermost/server/v8/channels/app/imaging/utils.go:148.56,154.2 5 1
github.com/mattermost/mattermost/server/v8/channels/app/imaging/utils.go:160.74,170.37 8 1
github.com/mattermost/mattermost/server/v8/channels/app/imaging/utils.go:170.37,172.3 1 1
github.com/mattermost/mattermost/server/v8/channels/app/imaging/utils.go:172.8,174.3 1 1
github.com/mattermost/mattermost/server/v8/channels/app/imaging/utils.go:176.2,176.36 1 1
github.com/mattermost/mattermost/server/v8/channels/app/imaging/utils.go:183.62,184.28 1 1
github.com/mattermost/mattermost/server/v8/channels/app/imaging/utils.go:184.28,186.3 1 0
github.com/mattermost/mattermost/server/v8/channels/app/imaging/utils.go:188.2,192.28 4 1
github.com/mattermost/mattermost/server/v8/channels/app/imaging/utils.go:192.28,194.3 1 0
github.com/mattermost/mattermost/server/v8/channels/app/imaging/utils.go:196.2,196.34 1 1
github.com/mattermost/mattermost/server/v8/channels/app/imaging/utils.go:196.34,198.3 1 0
github.com/mattermost/mattermost/server/v8/channels/app/imaging/utils.go:200.2,200.45 1 1
github.com/mattermost/mattermost/server/v8/channels/app/imaging/utils.go:206.55,207.28 1 1
github.com/mattermost/mattermost/server/v8/channels/app/imaging/utils.go:207.28,209.3 1 0
github.com/mattermost/mattermost/server/v8/channels/app/imaging/utils.go:211.2,215.28 4 1
github.com/mattermost/mattermost/server/v8/channels/app/imaging/utils.go:215.28,217.3 1 0
github.com/mattermost/mattermost/server/v8/channels/app/imaging/utils.go:219.2,219.34 1 1
github.com/mattermost/mattermost/server/v8/channels/app/imaging/utils.go:219.34,221.3 1 0
github.com/mattermost/mattermost/server/v8/channels/app/imaging/utils.go:223.2,227.37 4 1
github.com/mattermost/mattermost/server/v8/channels/app/imaging/utils.go:227.37,230.3 2 1
github.com/mattermost/mattermost/server/v8/channels/app/imaging/utils.go:230.8,233.3 2 1
github.com/mattermost/mattermost/server/v8/channels/app/imaging/utils.go:235.2,235.51 1 1
github.com/mattermost/mattermost/server/v8/channels/app/imaging/utils.go:241.106,242.41 1 1
github.com/mattermost/mattermost/server/v8/channels/app/imaging/utils.go:242.41,244.3 1 1
github.com/mattermost/mattermost/server/v8/channels/app/imaging/utils.go:246.2,246.43 1 1
github.com/mattermost/mattermost/server/v8/channels/app/imaging/utils.go:246.43,248.3 1 1
github.com/mattermost/mattermost/server/v8/channels/app/imaging/utils.go:250.2,252.28 3 1
github.com/mattermost/mattermost/server/v8/channels/app/imaging/utils.go:252.28,254.3 1 1
github.com/mattermost/mattermost/server/v8/channels/app/imaging/utils.go:257.2,257.22 1 1
github.com/mattermost/mattermost/server/v8/channels/app/imaging/utils.go:257.22,260.3 2 1
github.com/mattermost/mattermost/server/v8/channels/app/imaging/utils.go:261.2,261.23 1 1
github.com/mattermost/mattermost/server/v8/channels/app/imaging/utils.go:261.23,264.3 2 1
github.com/mattermost/mattermost/server/v8/channels/app/imaging/utils.go:266.2,266.65 1 1
github.com/mattermost/mattermost/server/v8/channels/app/imports/import_validators.go:19.71,20.23 1 1
github.com/mattermost/mattermost/server/v8/channels/app/imports/import_validators.go:20.23,22.3 1 0
github.com/mattermost/mattermost/server/v8/channels/app/imports/import_validators.go:24.2,24.21 1 1
github.com/mattermost/mattermost/server/v8/channels/app/imports/import_validators.go:25.29,26.151 1 1
github.com/mattermost/mattermost/server/v8/channels/app/imports/import_validators.go:26.151,28.4 1 1
github.com/mattermost/mattermost/server/v8/channels/app/imports/import_validators.go:29.32,30.151 1 1
github.com/mattermost/mattermost/server/v8/channels/app/imports/import_validators.go:30.151,32.4 1 1
github.com/mattermost/mattermost/server/v8/channels/app/imports/import_validators.go:33.10,34.136 1 0
github.com/mattermost/mattermost/server/v8/channels/app/imports/import_validators.go:37.2,37.62 1 1
github.com/mattermost/mattermost/server/v8/channels/app/imports/import_validators.go:37.62,39.3 1 1
github.com/mattermost/mattermost/server/v8/channels/app/imports/import_validators.go:41.2,41.117 1 1
github.com/mattermost/mattermost/server/v8/channels/app/imports/import_validators.go:41.117,43.3 1 1
github.com/mattermost/mattermost/server/v8/channels/app/imports/import_validators.go:45.2,45.90 1 1
github.com/mattermost/mattermost/server/v8/channels/app/imports/import_validators.go:45.90,47.3 1 1
github.com/mattermost/mattermost/server/v8/channels/app/imports/import_validators.go:49.2,49.38 1 1
github.com/mattermost/mattermost/server/v8/channels/app/imports/import_validators.go:49.38,50.75 1 1
github.com/mattermost/mattermost/server/v8/channels/app/imports/import_validators.go:50.75,52.4 1 1
github.com/mattermost/mattermost/server/v8/channels/app/imports/import_validators.go:55.2,55.37 1 1
github.com/mattermost/mattermost/server/v8/channels/app/imports/import_validators.go:55.37,56.74 1 1
github.com/mattermost/mattermost/server/v8/channels/app/imports/import_validators.go:56.74,58.4 1 1
github.com/mattermost/mattermost/server/v8/channels/app/imports/import_validators.go:61.2,61.38 1 1
github.com/mattermost/mattermost/server/v8/channels/app/imports/import_validators.go:61.38,62.75 1 1
github.com/mattermost/mattermost/server/v8/channels/app/imports/import_validators.go:62.75,64.4 1 0
github.com/mattermost/mattermost/server/v8/channels/app/imports/import_validators.go:67.2,67.41 1 1
github.com/mattermost/mattermost/server/v8/channels/app/imports/import_validators.go:67.41,68.78 1 1
github.com/mattermost/mattermost/server/v8/channels/app/imports/import_validators.go:68.78,70.4 1 1
github.com/mattermost/mattermost/server/v8/channels/app/imports/import_validators.go:73.2,73.40 1 1
github.com/mattermost/mattermost/server/v8/channels/app/imports/import_validators.go:73.40,74.77 1 1
github.com/mattermost/mattermost/server/v8/channels/app/imports/import_validators.go:74.77,76.4 1 1
github.com/mattermost/mattermost/server/v8/channels/app/imports/import_validators.go:79.2,79.41 1 1
github.com/mattermost/mattermost/server/v8/channels/app/imports/import_validators.go:79.41,80.78 1 1
github.com/mattermost/mattermost/server/v8/channels/app/imports/import_validators.go:80.78,82.4 1 0
github.com/mattermost/mattermost/server/v8/channels/app/imports/import_validators.go:85.2,85.12 1 1
github.com/mattermost/mattermost/server/v8/channels/app/imports/import_validators.go:88.67,89.60 1 1
github.com/mattermost/mattermost/server/v8/channels/app/imports/import_validators.go:89.60,91.3 1 1
github.com/mattermost/mattermost/server/v8/channels/app/imports/import_validators.go:93.2,93.115 1 1
github.com/mattermost/mattermost/server/v8/channels/app/imports/import_validators.go:93.115,95.3 1 1
github.com/mattermost/mattermost/server/v8/channels/app/imports/import_validators.go:97.2,97.88 1 1
github.com/mattermost/mattermost/server/v8/channels/app/imports/import_validators.go:97.88,99.3 1 1
github.com/mattermost/mattermost/server/v8/channels/app/imports/import_validators.go:101.2,101.29 1 1
github.com/mattermost/mattermost/server/v8/channels/app/imports/import_validators.go:101.29,102.48 1 1
github.com/mattermost/mattermost/server/v8/channels/app/imports/import_validators.go:102.48,104.83 2 1
github.com/mattermost/mattermost/server/v8/channels/app/imports/import_validators.go:104.83,105.27 1 1
github.com/mattermost/mattermost/server/v8/channels/app/imports/import_validators.go:105.27,107.11 2 1
github.com/mattermost/mattermost/server/v8/channels/app/imports/import_validators.go:111.4,111.28 1 1
github.com/mattermost/mattermost/server/v8/channels/app/imports/import_validators.go:111.28,113.5 1 1
github.com/mattermost/mattermost/server/v8/channels/app/imports/import_validators.go:117.2,117.12 1 1
github.com/mattermost/mattermost/server/v8/channels/app/imports/import_validators.go:120.67,121.22 1 1
github.com/mattermost/mattermost/server/v8/channels/app/imports/import_validators.go:121.22,123.3 1 1
github.com/mattermost/mattermost/server/v8/channels/app/imports/import_validators.go:123.8,123.54 1 1
github.com/mattermost/mattermost/server/v8/channels/app/imports/import_validators.go:123.54,125.3 1 1
github.com/mattermost/mattermost/server/v8/channels/app/imports/import_validators.go:125.8,125.49 1 1
github.com/mattermost/mattermost/server/v8/channels/app/imports/import_validators.go:125.49,127.3 1 1
github.com/mattermost/mattermost/server/v8/channels/app/imports/import_validators.go:127.8,127.64 1 1
github.com/mattermost/mattermost/server/v8/channels/app/imports/import_validators.go:127.64,129.3 1 1
github.com/mattermost/mattermost/server/v8/channels/app/imports/import_validators.go:131.2,131.29 1 1
github.com/mattermost/mattermost/server/v8/channels/app/imports/import_validators.go:131.29,133.3 1 1
github.com/mattermost/mattermost/server/v8/channels/app/imports/import_validators.go:133.8,133.136 1 1
github.com/mattermost/mattermost/server/v8/channels/app/imports/import_validators.go:133.136,135.3 1 1
github.com/mattermost/mattermost/server/v8/channels/app/imports/import_validators.go:137.2,137.22 1 1
github.com/mattermost/mattermost/server/v8/channels/app/imports/import_validators.go:137.22,139.3 1 1
github.com/mattermost/mattermost/server/v8/channels/app/imports/import_validators.go:139.8,139.75 1 1
github.com/mattermost/mattermost/server/v8/channels/app/imports/import_validators.go:139.75,141.3 1 1
github.com/mattermost/mattermost/server/v8/channels/app/imports/import_validators.go:143.2,143.88 1 1
github.com/mattermost/mattermost/server/v8/channels/app/imports/import_validators.go:143.88,145.3 1 1
github.com/mattermost/mattermost/server/v8/channels/app/imports/import_validators.go:147.2,147.66 1 1
github.com/mattermost/mattermost/server/v8/channels/app/imports/import_validators.go:147.66,149.3 1 1
github.com/mattermost/mattermost/server/v8/channels/app/imports/import_validators.go:151.2,151.12 1 1
github.com/mattermost/mattermost/server/v8/channels/app/imports/import_validators.go:154.73,155.22 1 1
github.com/mattermost/mattermost/server/v8/channels/app/imports/import_validators.go:155.22,157.3 1 1
github.com/mattermost/mattermost/server/v8/channels/app/imports/import_validators.go:159.2,159.22 1 1
github.com/mattermost/mattermost/server/v8/channels/app/imports/import_validators.go:159.22,161.3 1 1
github.com/mattermost/mattermost/server/v8/channels/app/imports/import_validators.go:161.8,161.57 1 1
github.com/mattermost/mattermost/server/v8/channels/app/imports/import_validators.go:161.57,163.3 1 1
github.com/mattermost/mattermost/server/v8/channels/app/imports/import_validators.go:163.8,163.73 1 1
github.com/mattermost/mattermost/server/v8/channels/app/imports/import_validators.go:163.73,165.3 1 1
github.com/mattermost/mattermost/server/v8/channels/app/imports/import_validators.go:167.2,167.79 1 1
github.com/mattermost/mattermost/server/v8/channels/app/imports/import_validators.go:167.79,169.3 1 1
github.com/mattermost/mattermost/server/v8/channels/app/imports/import_validators.go:169.8,169.89 1 1
github.com/mattermost/mattermost/server/v8/channels/app/imports/import_validators.go:169.89,171.3 1 1
github.com/mattermost/mattermost/server/v8/channels/app/imports/import_validators.go:173.2,173.22 1 1
github.com/mattermost/mattermost/server/v8/channels/app/imports/import_validators.go:173.22,175.3 1 1
github.com/mattermost/mattermost/server/v8/channels/app/imports/import_validators.go:175.8,175.90 1 1
github.com/mattermost/mattermost/server/v8/channels/app/imports/import_validators.go:175.90,177.3 1 1
github.com/mattermost/mattermost/server/v8/channels/app/imports/import_validators.go:179.2,179.94 1 1
github.com/mattermost/mattermost/server/v8/channels/app/imports/import_validators.go:179.94,181.3 1 1
github.com/mattermost/mattermost/server/v8/channels/app/imports/import_validators.go:183.2,183.97 1 1
github.com/mattermost/mattermost/server/v8/channels/app/imports/import_validators.go:183.97,185.3 1 1
github.com/mattermost/mattermost/server/v8/channels/app/imports/import_validators.go:187.2,187.66 1 1
github.com/mattermost/mattermost/server/v8/channels/app/imports/import_validators.go:187.66,189.3 1 1
github.com/mattermost/mattermost/server/v8/channels/app/imports/import_validators.go:191.2,191.12 1 1
github.com/mattermost/mattermost/server/v8/channels/app/imports/import_validators.go:194.67,195.62 1 1
github.com/mattermost/mattermost/server/v8/channels/app/imports/import_validators.go:195.62,197.99 1 1
github.com/mattermost/mattermost/server/v8/channels/app/imports/import_validators.go:197.99,199.4 1 1
github.com/mattermost/mattermost/server/v8/channels/app/imports/import_validators.go:200.3,200.64 1 1
github.com/mattermost/mattermost/server/v8/channels/app/imports/import_validators.go:200.64,202.4 1 1
github.com/mattermost/mattermost/server/v8/channels/app/imports/import_validators.go:202.9,202.24 1 1
github.com/mattermost/mattermost/server/v8/channels/app/imports/import_validators.go:202.24,204.4 1 0
github.com/mattermost/mattermost/server/v8/channels/app/imports/import_validators.go:207.2,207.26 1 1
github.com/mattermost/mattermost/server/v8/channels/app/imports/import_validators.go:207.26,209.3 1 1
github.com/mattermost/mattermost/server/v8/channels/app/imports/import_validators.go:209.8,209.76 1 1
github.com/mattermost/mattermost/server/v8/channels/app/imports/import_validators.go:209.76,211.3 1 1
github.com/mattermost/mattermost/server/v8/channels/app/imports/import_validators.go:213.2,213.23 1 1
github.com/mattermost/mattermost/server/v8/channels/app/imports/import_validators.go:213.23,215.3 1 1
github.com/mattermost/mattermost/server/v8/channels/app/imports/import_validators.go:215.8,215.77 1 1
github.com/mattermost/mattermost/server/v8/channels/app/imports/import_validators.go:215.77,217.3 1 1
github.com/mattermost/mattermost/server/v8/channels/app/imports/import_validators.go:219.2,219.50 1 1
github.com/mattermost/mattermost/server/v8/channels/app/imports/import_validators.go:219.50,221.3 1 0
github.com/mattermost/mattermost/server/v8/channels/app/imports/import_validators.go:223.2,223.79 1 1
github.com/mattermost/mattermost/server/v8/channels/app/imports/import_validators.go:223.79,225.3 1 1
github.com/mattermost/mattermost/server/v8/channels/app/imports/import_validators.go:227.2,227.34 1 1
github.com/mattermost/mattermost/server/v8/channels/app/imports/import_validators.go:227.34,228.17 1 1
github.com/mattermost/mattermost/server/v8/channels/app/imports/import_validators.go:228.17,230.4 1 1
github.com/mattermost/mattermost/server/v8/channels/app/imports/import_validators.go:231.3,231.20 1 1
github.com/mattermost/mattermost/server/v8/channels/app/imports/import_validators.go:234.2,234.110 1 1
github.com/mattermost/mattermost/server/v8/channels/app/imports/import_validators.go:234.110,236.3 1 1
github.com/mattermost/mattermost/server/v8/channels/app/imports/import_validators.go:238.2,238.68 1 1
github.com/mattermost/mattermost/server/v8/channels/app/imports/import_validators.go:238.68,240.3 1 1
github.com/mattermost/mattermost/server/v8/channels/app/imports/import_validators.go:242.2,242.50 1 1
github.com/mattermost/mattermost/server/v8/channels/app/imports/import_validators.go:242.50,244.3 1 0
github.com/mattermost/mattermost/server/v8/channels/app/imports/import_validators.go:246.2,246.79 1 1
github.com/mattermost/mattermost/server/v8/channels/app/imports/import_validators.go:246.79,248.3 1 0
github.com/mattermost/mattermost/server/v8/channels/app/imports/import_validators.go:250.2,250.97 1 1
github.com/mattermost/mattermost/server/v8/channels/app/imports/import_validators.go:250.97,252.3 1 1
github.com/mattermost/mattermost/server/v8/channels/app/imports/import_validators.go:254.2,254.100 1 1
github.com/mattermost/mattermost/server/v8/channels/app/imports/import_validators.go:254.100,256.3 1 1
github.com/mattermost/mattermost/server/v8/channels/app/imports/import_validators.go:258.2,258.97 1 1
github.com/mattermost/mattermost/server/v8/channels/app/imports/import_validators.go:258.97,260.3 1 1
github.com/mattermost/mattermost/server/v8/channels/app/imports/import_validators.go:262.2,262.97 1 1
github.com/mattermost/mattermost/server/v8/channels/app/imports/import_validators.go:262.97,264.3 1 1
github.com/mattermost/mattermost/server/v8/channels/app/imports/import_validators.go:266.2,266.63 1 1
github.com/mattermost/mattermost/server/v8/channels/app/imports/import_validators.go:266.63,268.3 1 0
github.com/mattermost/mattermost/server/v8/channels/app/imports/import_validators.go:270.2,270.31 1 1
github.com/mattermost/mattermost/server/v8/channels/app/imports/import_validators.go:270.31,272.3 1 0
github.com/mattermost/mattermost/server/v8/channels/app/imports/import_validators.go:274.2,274.29 1 1
github.com/mattermost/mattermost/server/v8/channels/app/imports/import_validators.go:274.29,275.92 1 1
github.com/mattermost/mattermost/server/v8/channels/app/imports/import_validators.go:275.92,277.4 1 1
github.com/mattermost/mattermost/server/v8/channels/app/imports/import_validators.go:279.3,279.104 1 1
github.com/mattermost/mattermost/server/v8/channels/app/imports/import_validators.go:279.104,281.4 1 1
github.com/mattermost/mattermost/server/v8/channels/app/imports/import_validators.go:283.3,283.90 1 1
github.com/mattermost/mattermost/server/v8/channels/app/imports/import_validators.go:283.90,285.4 1 1
github.com/mattermost/mattermost/server/v8/channels/app/imports/import_validators.go:287.3,287.90 1 1
github.com/mattermost/mattermost/server/v8/channels/app/imports/import_validators.go:287.90,289.4 1 1
github.com/mattermost/mattermost/server/v8/channels/app/imports/import_validators.go:291.3,291.116 1 1
github.com/mattermost/mattermost/server/v8/channels/app/imports/import_validators.go:291.116,293.4 1 1
github.com/mattermost/mattermost/server/v8/channels/app/imports/import_validators.go:295.3,295.108 1 1
github.com/mattermost/mattermost/server/v8/channels/app/imports/import_validators.go:295.108,297.4 1 1
github.com/mattermost/mattermost/server/v8/channels/app/imports/import_validators.go:299.3,299.112 1 1
github.com/mattermost/mattermost/server/v8/channels/app/imports/import_validators.go:299.112,301.4 1 1
github.com/mattermost/mattermost/server/v8/channels/app/imports/import_validators.go:304.2,304.91 1 1
github.com/mattermost/mattermost/server/v8/channels/app/imports/import_validators.go:304.91,306.3 1 0
github.com/mattermost/mattermost/server/v8/channels/app/imports/import_validators.go:308.2,308.81 1 1
github.com/mattermost/mattermost/server/v8/channels/app/imports/import_validators.go:308.81,310.3 1 0
github.com/mattermost/mattermost/server/v8/channels/app/imports/import_validators.go:312.2,312.89 1 1
github.com/mattermost/mattermost/server/v8/channels/app/imports/import_validators.go:312.89,314.3 1 0
github.com/mattermost/mattermost/server/v8/channels/app/imports/import_validators.go:316.2,316.85 1 1
github.com/mattermost/mattermost/server/v8/channels/app/imports/import_validators.go:316.85,318.3 1 1
github.com/mattermost/mattermost/server/v8/channels/app/imports/import_validators.go:320.2,320.23 1 1
github.com/mattermost/mattermost/server/v8/channels/app/imports/import_validators.go:320.23,322.3 1 0
github.com/mattermost/mattermost/server/v8/channels/app/imports/import_validators.go:324.2,324.12 1 1
github.com/mattermost/mattermost/server/v8/channels/app/imports/import_validators.go:327.65,328.62 1 1
github.com/mattermost/mattermost/server/v8/channels/app/imports/import_validators.go:328.62,330.99 1 1
github.com/mattermost/mattermost/server/v8/channels/app/imports/import_validators.go:330.99,332.4 1 1
github.com/mattermost/mattermost/server/v8/channels/app/imports/import_validators.go:334.3,334.64 1 0
github.com/mattermost/mattermost/server/v8/channels/app/imports/import_validators.go:334.64,336.4 1 0
github.com/mattermost/mattermost/server/v8/channels/app/imports/import_validators.go:336.9,336.24 1 0
github.com/mattermost/mattermost/server/v8/channels/app/imports/import_validators.go:336.24,338.4 1 0
github.com/mattermost/mattermost/server/v8/channels/app/imports/import_validators.go:341.2,341.26 1 1
github.com/mattermost/mattermost/server/v8/channels/app/imports/import_validators.go:341.26,343.3 1 1
github.com/mattermost/mattermost/server/v8/channels/app/imports/import_validators.go:343.8,343.76 1 1
github.com/mattermost/mattermost/server/v8/channels/app/imports/import_validators.go:343.76,345.3 1 1
github.com/mattermost/mattermost/server/v8/channels/app/imports/import_validators.go:347.2,347.104 1 1
github.com/mattermost/mattermost/server/v8/channels/app/imports/import_validators.go:347.104,349.3 1 1
github.com/mattermost/mattermost/server/v8/channels/app/imports/import_validators.go:351.2,351.23 1 1
github.com/mattermost/mattermost/server/v8/channels/app/imports/import_validators.go:351.23,353.3 1 1
github.com/mattermost/mattermost/server/v8/channels/app/imports/import_validators.go:353.8,353.48 1 1
github.com/mattermost/mattermost/server/v8/channels/app/imports/import_validators.go:353.48,355.3 1 1
github.com/mattermost/mattermost/server/v8/channels/app/imports/import_validators.go:357.2,357.12 1 1
github.com/mattermost/mattermost/server/v8/channels/app/imports/import_validators.go:371.63,372.24 1 1
github.com/mattermost/mattermost/server/v8/channels/app/imports/import_validators.go:372.24,374.3 1 1
github.com/mattermost/mattermost/server/v8/channels/app/imports/import_validators.go:375.2,375.54 1 1
github.com/mattermost/mattermost/server/v8/channels/app/imports/import_validators.go:375.54,377.3 1 1
github.com/mattermost/mattermost/server/v8/channels/app/imports/import_validators.go:379.2,379.185 1 1
github.com/mattermost/mattermost/server/v8/channels/app/imports/import_validators.go:382.78,383.17 1 1
github.com/mattermost/mattermost/server/v8/channels/app/imports/import_validators.go:383.17,385.3 1 0
github.com/mattermost/mattermost/server/v8/channels/app/imports/import_validators.go:387.2,387.30 1 1
github.com/mattermost/mattermost/server/v8/channels/app/imports/import_validators.go:387.30,388.24 1 1
github.com/mattermost/mattermost/server/v8/channels/app/imports/import_validators.go:388.24,390.4 1 1
github.com/mattermost/mattermost/server/v8/channels/app/imports/import_validators.go:392.3,392.66 1 1
github.com/mattermost/mattermost/server/v8/channels/app/imports/import_validators.go:392.66,394.4 1 0
github.com/mattermost/mattermost/server/v8/channels/app/imports/import_validators.go:396.3,396.28 1 1
github.com/mattermost/mattermost/server/v8/channels/app/imports/import_validators.go:396.28,397.73 1 0
github.com/mattermost/mattermost/server/v8/channels/app/imports/import_validators.go:397.73,399.5 1 0
github.com/mattermost/mattermost/server/v8/channels/app/imports/import_validators.go:402.3,402.70 1 1
github.com/mattermost/mattermost/server/v8/channels/app/imports/import_validators.go:402.70,404.91 2 1
github.com/mattermost/mattermost/server/v8/channels/app/imports/import_validators.go:404.91,406.5 1 1
github.com/mattermost/mattermost/server/v8/channels/app/imports/import_validators.go:410.2,410.12 1 1
github.com/mattermost/mattermost/server/v8/channels/app/imports/import_validators.go:413.84,414.17 1 1
github.com/mattermost/mattermost/server/v8/channels/app/imports/import_validators.go:414.17,416.3 1 0
github.com/mattermost/mattermost/server/v8/channels/app/imports/import_validators.go:418.2,418.30 1 1
github.com/mattermost/mattermost/server/v8/channels/app/imports/import_validators.go:418.30,419.24 1 1
github.com/mattermost/mattermost/server/v8/channels/app/imports/import_validators.go:419.24,421.4 1 1
github.com/mattermost/mattermost/server/v8/channels/app/imports/import_validators.go:423.3,423.66 1 1
github.com/mattermost/mattermost/server/v8/channels/app/imports/import_validators.go:423.66,425.4 1 0
github.com/mattermost/mattermost/server/v8/channels/app/imports/import_validators.go:427.3,427.31 1 1
github.com/mattermost/mattermost/server/v8/channels/app/imports/import_validators.go:427.31,428.104 1 1
github.com/mattermost/mattermost/server/v8/channels/app/imports/import_validators.go:428.104,430.5 1 1
github.com/mattermost/mattermost/server/v8/channels/app/imports/import_validators.go:432.4,432.102 1 1
github.com/mattermost/mattermost/server/v8/channels/app/imports/import_validators.go:432.102,434.5 1 1
github.com/mattermost/mattermost/server/v8/channels/app/imports/import_validators.go:436.4,436.114 1 1
github.com/mattermost/mattermost/server/v8/channels/app/imports/import_validators.go:436.114,438.5 1 1
github.com/mattermost/mattermost/server/v8/channels/app/imports/import_validators.go:442.2,442.12 1 1
github.com/mattermost/mattermost/server/v8/channels/app/imports/import_validators.go:445.97,446.22 1 1
github.com/mattermost/mattermost/server/v8/channels/app/imports/import_validators.go:446.22,448.3 1 1
github.com/mattermost/mattermost/server/v8/channels/app/imports/import_validators.go:450.2,450.27 1 1
github.com/mattermost/mattermost/server/v8/channels/app/imports/import_validators.go:450.27,452.3 1 1
github.com/mattermost/mattermost/server/v8/channels/app/imports/import_validators.go:452.8,452.79 1 1
github.com/mattermost/mattermost/server/v8/channels/app/imports/import_validators.go:452.79,454.3 1 1
github.com/mattermost/mattermost/server/v8/channels/app/imports/import_validators.go:456.2,456.26 1 1
github.com/mattermost/mattermost/server/v8/channels/app/imports/import_validators.go:456.26,458.3 1 1
github.com/mattermost/mattermost/server/v8/channels/app/imports/import_validators.go:458.8,458.32 1 1
github.com/mattermost/mattermost/server/v8/channels/app/imports/import_validators.go:458.32,460.3 1 1
github.com/mattermost/mattermost/server/v8/channels/app/imports/import_validators.go:460.8,460.44 1 1
github.com/mattermost/mattermost/server/v8/channels/app/imports/import_validators.go:460.44,462.3 1 1
github.com/mattermost/mattermost/server/v8/channels/app/imports/import_validators.go:464.2,464.12 1 1
github.com/mattermost/mattermost/server/v8/channels/app/imports/import_validators.go:467.108,468.22 1 1
github.com/mattermost/mattermost/server/v8/channels/app/imports/import_validators.go:468.22,470.3 1 1
github.com/mattermost/mattermost/server/v8/channels/app/imports/import_validators.go:472.2,472.25 1 1
github.com/mattermost/mattermost/server/v8/channels/app/imports/import_validators.go:472.25,474.3 1 1
github.com/mattermost/mattermost/server/v8/channels/app/imports/import_validators.go:474.8,474.64 1 1
github.com/mattermost/mattermost/server/v8/channels/app/imports/import_validators.go:474.64,476.3 1 1
github.com/mattermost/mattermost/server/v8/channels/app/imports/import_validators.go:478.2,478.26 1 1
github.com/mattermost/mattermost/server/v8/channels/app/imports/import_validators.go:478.26,480.3 1 1
github.com/mattermost/mattermost/server/v8/channels/app/imports/import_validators.go:480.8,480.32 1 1
github.com/mattermost/mattermost/server/v8/channels/app/imports/import_validators.go:480.32,482.3 1 1
github.com/mattermost/mattermost/server/v8/channels/app/imports/import_validators.go:482.8,482.44 1 1
github.com/mattermost/mattermost/server/v8/channels/app/imports/import_validators.go:482.44,484.3 1 0
github.com/mattermost/mattermost/server/v8/channels/app/imports/import_validators.go:486.2,486.117 1 1
github.com/mattermost/mattermost/server/v8/channels/app/imports/import_validators.go:486.117,488.3 1 0
github.com/mattermost/mattermost/server/v8/channels/app/imports/import_validators.go:490.2,490.27 1 1
github.com/mattermost/mattermost/server/v8/channels/app/imports/import_validators.go:490.27,491.44 1 0
github.com/mattermost/mattermost/server/v8/channels/app/imports/import_validators.go:491.44,492.80 1 0
github.com/mattermost/mattermost/server/v8/channels/app/imports/import_validators.go:492.80,494.5 1 0
github.com/mattermost/mattermost/server/v8/channels/app/imports/import_validators.go:498.2,498.29 1 1
github.com/mattermost/mattermost/server/v8/channels/app/imports/import_validators.go:498.29,499.48 1 1
github.com/mattermost/mattermost/server/v8/channels/app/imports/import_validators.go:499.48,500.68 1 1
github.com/mattermost/mattermost/server/v8/channels/app/imports/import_validators.go:500.68,502.5 1 1
github.com/mattermost/mattermost/server/v8/channels/app/imports/import_validators.go:506.2,506.12 1 1
github.com/mattermost/mattermost/server/v8/channels/app/imports/import_validators.go:509.84,510.22 1 1
github.com/mattermost/mattermost/server/v8/channels/app/imports/import_validators.go:510.22,512.3 1 1
github.com/mattermost/mattermost/server/v8/channels/app/imports/import_validators.go:514.2,514.25 1 1
github.com/mattermost/mattermost/server/v8/channels/app/imports/import_validators.go:514.25,516.3 1 1
github.com/mattermost/mattermost/server/v8/channels/app/imports/import_validators.go:518.2,518.22 1 1
github.com/mattermost/mattermost/server/v8/channels/app/imports/import_validators.go:518.22,520.3 1 1
github.com/mattermost/mattermost/server/v8/channels/app/imports/import_validators.go:522.2,522.25 1 1
github.com/mattermost/mattermost/server/v8/channels/app/imports/import_validators.go:522.25,524.3 1 1
github.com/mattermost/mattermost/server/v8/channels/app/imports/import_validators.go:524.8,524.64 1 1
github.com/mattermost/mattermost/server/v8/channels/app/imports/import_validators.go:524.64,526.3 1 1
github.com/mattermost/mattermost/server/v8/channels/app/imports/import_validators.go:528.2,528.26 1 1
github.com/mattermost/mattermost/server/v8/channels/app/imports/import_validators.go:528.26,530.3 1 1
github.com/mattermost/mattermost/server/v8/channels/app/imports/import_validators.go:530.8,530.32 1 1
github.com/mattermost/mattermost/server/v8/channels/app/imports/import_validators.go:530.32,532.3 1 1
github.com/mattermost/mattermost/server/v8/channels/app/imports/import_validators.go:534.2,534.27 1 1
github.com/mattermost/mattermost/server/v8/channels/app/imports/import_validators.go:534.27,535.44 1 1
github.com/mattermost/mattermost/server/v8/channels/app/imports/import_validators.go:535.44,536.80 1 1
github.com/mattermost/mattermost/server/v8/channels/app/imports/import_validators.go:536.80,538.5 1 0
github.com/mattermost/mattermost/server/v8/channels/app/imports/import_validators.go:542.2,542.25 1 1
github.com/mattermost/mattermost/server/v8/channels/app/imports/import_validators.go:542.25,543.39 1 1
github.com/mattermost/mattermost/server/v8/channels/app/imports/import_validators.go:543.39,544.87 1 1
github.com/mattermost/mattermost/server/v8/channels/app/imports/import_validators.go:544.87,546.5 1 0
github.com/mattermost/mattermost/server/v8/channels/app/imports/import_validators.go:550.2,550.117 1 1
github.com/mattermost/mattermost/server/v8/channels/app/imports/import_validators.go:550.117,552.3 1 1
github.com/mattermost/mattermost/server/v8/channels/app/imports/import_validators.go:554.2,554.29 1 1
github.com/mattermost/mattermost/server/v8/channels/app/imports/import_validators.go:554.29,555.48 1 1
github.com/mattermost/mattermost/server/v8/channels/app/imports/import_validators.go:555.48,556.68 1 1
github.com/mattermost/mattermost/server/v8/channels/app/imports/import_validators.go:556.68,558.5 1 1
github.com/mattermost/mattermost/server/v8/channels/app/imports/import_validators.go:562.2,562.33 1 1
github.com/mattermost/mattermost/server/v8/channels/app/imports/import_validators.go:562.33,563.50 1 0
github.com/mattermost/mattermost/server/v8/channels/app/imports/import_validators.go:563.50,564.70 1 0
github.com/mattermost/mattermost/server/v8/channels/app/imports/import_validators.go:564.70,566.5 1 0
github.com/mattermost/mattermost/server/v8/channels/app/imports/import_validators.go:570.2,570.12 1 1
github.com/mattermost/mattermost/server/v8/channels/app/imports/import_validators.go:573.85,574.53 1 1
github.com/mattermost/mattermost/server/v8/channels/app/imports/import_validators.go:574.53,576.3 1 0
github.com/mattermost/mattermost/server/v8/channels/app/imports/import_validators.go:578.2,578.61 1 1
github.com/mattermost/mattermost/server/v8/channels/app/imports/import_validators.go:578.61,579.58 1 1
github.com/mattermost/mattermost/server/v8/channels/app/imports/import_validators.go:579.58,581.4 1 1
github.com/mattermost/mattermost/server/v8/channels/app/imports/import_validators.go:581.9,581.65 1 1
github.com/mattermost/mattermost/server/v8/channels/app/imports/import_validators.go:581.65,583.4 1 1
github.com/mattermost/mattermost/server/v8/channels/app/imports/import_validators.go:586.2,586.52 1 1
github.com/mattermost/mattermost/server/v8/channels/app/imports/import_validators.go:586.52,587.54 1 0
github.com/mattermost/mattermost/server/v8/channels/app/imports/import_validators.go:587.54,589.4 1 0
github.com/mattermost/mattermost/server/v8/channels/app/imports/import_validators.go:589.9,589.61 1 0
github.com/mattermost/mattermost/server/v8/channels/app/imports/import_validators.go:589.61,591.4 1 0
github.com/mattermost/mattermost/server/v8/channels/app/imports/import_validators.go:594.2,594.94 1 1
github.com/mattermost/mattermost/server/v8/channels/app/imports/import_validators.go:594.94,596.3 1 1
github.com/mattermost/mattermost/server/v8/channels/app/imports/import_validators.go:598.2,598.29 1 1
github.com/mattermost/mattermost/server/v8/channels/app/imports/import_validators.go:598.29,599.47 1 1
github.com/mattermost/mattermost/server/v8/channels/app/imports/import_validators.go:599.47,601.45 2 1
github.com/mattermost/mattermost/server/v8/channels/app/imports/import_validators.go:601.45,602.38 1 1
github.com/mattermost/mattermost/server/v8/channels/app/imports/import_validators.go:602.38,604.11 2 1
github.com/mattermost/mattermost/server/v8/channels/app/imports/import_validators.go:607.4,607.27 1 1
github.com/mattermost/mattermost/server/v8/channels/app/imports/import_validators.go:607.27,608.50 1 0
github.com/mattermost/mattermost/server/v8/channels/app/imports/import_validators.go:608.50,610.6 1 0
github.com/mattermost/mattermost/server/v8/channels/app/imports/import_validators.go:612.4,612.14 1 1
github.com/mattermost/mattermost/server/v8/channels/app/imports/import_validators.go:612.14,614.5 1 1
github.com/mattermost/mattermost/server/v8/channels/app/imports/import_validators.go:618.2,618.12 1 1
github.com/mattermost/mattermost/server/v8/channels/app/imports/import_validators.go:621.96,622.32 1 1
github.com/mattermost/mattermost/server/v8/channels/app/imports/import_validators.go:622.32,624.3 1 1
github.com/mattermost/mattermost/server/v8/channels/app/imports/import_validators.go:626.2,626.36 1 1
github.com/mattermost/mattermost/server/v8/channels/app/imports/import_validators.go:626.36,627.61 1 1
github.com/mattermost/mattermost/server/v8/channels/app/imports/import_validators.go:627.61,629.4 1 1
github.com/mattermost/mattermost/server/v8/channels/app/imports/import_validators.go:629.9,629.68 1 1
github.com/mattermost/mattermost/server/v8/channels/app/imports/import_validators.go:629.68,631.4 1 1
github.com/mattermost/mattermost/server/v8/channels/app/imports/import_validators.go:634.2,634.22 1 1
github.com/mattermost/mattermost/server/v8/channels/app/imports/import_validators.go:634.22,636.3 1 1
github.com/mattermost/mattermost/server/v8/channels/app/imports/import_validators.go:638.2,638.25 1 1
github.com/mattermost/mattermost/server/v8/channels/app/imports/import_validators.go:638.25,640.3 1 1
github.com/mattermost/mattermost/server/v8/channels/app/imports/import_validators.go:640.8,640.64 1 1
github.com/mattermost/mattermost/server/v8/channels/app/imports/import_validators.go:640.64,642.3 1 1
github.com/mattermost/mattermost/server/v8/channels/app/imports/import_validators.go:644.2,644.26 1 1
github.com/mattermost/mattermost/server/v8/channels/app/imports/import_validators.go:644.26,646.3 1 1
github.com/mattermost/mattermost/server/v8/channels/app/imports/import_validators.go:646.8,646.32 1 1
github.com/mattermost/mattermost/server/v8/channels/app/imports/import_validators.go:646.32,648.3 1 1
github.com/mattermost/mattermost/server/v8/channels/app/imports/import_validators.go:650.2,650.27 1 1
github.com/mattermost/mattermost/server/v8/channels/app/imports/import_validators.go:650.27,651.43 1 1
github.com/mattermost/mattermost/server/v8/channels/app/imports/import_validators.go:651.43,653.14 2 1
github.com/mattermost/mattermost/server/v8/channels/app/imports/import_validators.go:653.14,655.5 1 1
github.com/mattermost/mattermost/server/v8/channels/app/imports/import_validators.go:659.2,659.27 1 1
github.com/mattermost/mattermost/server/v8/channels/app/imports/import_validators.go:659.27,660.44 1 1
github.com/mattermost/mattermost/server/v8/channels/app/imports/import_validators.go:660.44,661.80 1 1
github.com/mattermost/mattermost/server/v8/channels/app/imports/import_validators.go:661.80,663.5 1 0
github.com/mattermost/mattermost/server/v8/channels/app/imports/import_validators.go:667.2,667.25 1 1
github.com/mattermost/mattermost/server/v8/channels/app/imports/import_validators.go:667.25,668.39 1 1
github.com/mattermost/mattermost/server/v8/channels/app/imports/import_validators.go:668.39,669.87 1 1
github.com/mattermost/mattermost/server/v8/channels/app/imports/import_validators.go:669.87,671.5 1 0
github.com/mattermost/mattermost/server/v8/channels/app/imports/import_validators.go:675.2,675.29 1 1
github.com/mattermost/mattermost/server/v8/channels/app/imports/import_validators.go:675.29,676.48 1 1
github.com/mattermost/mattermost/server/v8/channels/app/imports/import_validators.go:676.48,677.68 1 1
github.com/mattermost/mattermost/server/v8/channels/app/imports/import_validators.go:677.68,679.5 1 1
github.com/mattermost/mattermost/server/v8/channels/app/imports/import_validators.go:683.2,683.33 1 1
github.com/mattermost/mattermost/server/v8/channels/app/imports/import_validators.go:683.33,684.50 1 0
github.com/mattermost/mattermost/server/v8/channels/app/imports/import_validators.go:684.50,685.70 1 0
github.com/mattermost/mattermost/server/v8/channels/app/imports/import_validators.go:685.70,687.5 1 0
github.com/mattermost/mattermost/server/v8/channels/app/imports/import_validators.go:691.2,691.12 1 1
github.com/mattermost/mattermost/server/v8/channels/app/imports/import_validators.go:696.69,697.17 1 1
github.com/mattermost/mattermost/server/v8/channels/app/imports/import_validators.go:697.17,699.3 1 0
github.com/mattermost/mattermost/server/v8/channels/app/imports/import_validators.go:701.2,701.42 1 1
github.com/mattermost/mattermost/server/v8/channels/app/imports/import_validators.go:701.42,703.3 1 1
github.com/mattermost/mattermost/server/v8/channels/app/imports/import_validators.go:705.2,705.44 1 1
github.com/mattermost/mattermost/server/v8/channels/app/imports/import_validators.go:705.44,707.3 1 1
github.com/mattermost/mattermost/server/v8/channels/app/imports/import_validators.go:710.2,710.91 1 1
github.com/mattermost/mattermost/server/v8/channels/app/imports/import_validators.go:710.91,712.3 1 1
github.com/mattermost/mattermost/server/v8/channels/app/imports/import_validators.go:714.2,714.59 1 1
github.com/mattermost/mattermost/server/v8/channels/app/imports/import_validators.go:714.59,716.3 1 1
github.com/mattermost/mattermost/server/v8/channels/app/imports/import_validators.go:718.2,718.12 1 1
github.com/mattermost/mattermost/server/v8/channels/app/imports/import_validators.go:721.87,722.17 1 1
github.com/mattermost/mattermost/server/v8/channels/app/imports/import_validators.go:722.17,724.3 1 1
github.com/mattermost/mattermost/server/v8/channels/app/imports/import_validators.go:726.2,726.42 1 1
github.com/mattermost/mattermost/server/v8/channels/app/imports/import_validators.go:726.42,728.3 1 1
github.com/mattermost/mattermost/server/v8/channels/app/imports/import_validators.go:730.2,730.12 1 1
github.com/mattermost/mattermost/server/v8/channels/app/imports/import_validators.go:733.50,735.2 1 1
github.com/mattermost/mattermost/server/v8/channels/app/imports/import_validators.go:737.54,741.2 1 1
github.com/mattermost/mattermost/server/v8/channels/app/imports/import_validators.go:743.60,747.2 1 1
github.com/mattermost/mattermost/server/v8/channels/app/imports/import_validators.go:749.58,753.2 1 1
github.com/mattermost/mattermost/server/v8/channels/app/imports/import_validators.go:755.62,759.2 1 1
github.com/mattermost/mattermost/server/v8/channels/app/imports/import_validators.go:763.50,764.23 1 1
github.com/mattermost/mattermost/server/v8/channels/app/imports/import_validators.go:764.23,766.3 1 1
github.com/mattermost/mattermost/server/v8/channels/app/imports/import_validators.go:767.2,770.23 3 1
github.com/mattermost/mattermost/server/v8/channels/app/imports/import_validators.go:770.23,774.36 2 1
github.com/mattermost/mattermost/server/v8/channels/app/imports/import_validators.go:774.36,775.79 1 1
github.com/mattermost/mattermost/server/v8/channels/app/imports/import_validators.go:775.79,777.5 1 1
github.com/mattermost/mattermost/server/v8/channels/app/imports/import_validators.go:779.4,779.28 1 1
github.com/mattermost/mattermost/server/v8/channels/app/imports/import_validators.go:779.28,780.13 1 1
github.com/mattermost/mattermost/server/v8/channels/app/imports/import_validators.go:782.4,782.43 1 1
github.com/mattermost/mattermost/server/v8/channels/app/imports/import_validators.go:782.43,783.89 1 1
github.com/mattermost/mattermost/server/v8/channels/app/imports/import_validators.go:783.89,785.6 1 1
github.com/mattermost/mattermost/server/v8/channels/app/imports/import_validators.go:788.4,788.34 1 1
github.com/mattermost/mattermost/server/v8/channels/app/imports/import_validators.go:788.34,790.5 1 1
github.com/mattermost/mattermost/server/v8/channels/app/imports/import_validators.go:792.3,792.30 1 1
github.com/mattermost/mattermost/server/v8/channels/app/imports/import_validators.go:792.30,794.4 1 1
github.com/mattermost/mattermost/server/v8/channels/app/imports/import_validators.go:799.2,799.107 1 1
github.com/mattermost/mattermost/server/v8/channels/app/imports/import_validators.go:799.107,801.3 1 1
github.com/mattermost/mattermost/server/v8/channels/app/imports/import_validators.go:803.2,803.13 1 1
github.com/mattermost/mattermost/server/v8/channels/app/imports/import_validators.go:809.76,810.20 1 1
github.com/mattermost/mattermost/server/v8/channels/app/imports/import_validators.go:810.20,812.3 1 1
github.com/mattermost/mattermost/server/v8/channels/app/imports/import_validators.go:814.2,818.16 3 1
github.com/mattermost/mattermost/server/v8/channels/app/imports/import_validators.go:818.16,820.3 1 0
github.com/mattermost/mattermost/server/v8/channels/app/imports/import_validators.go:821.2,821.76 1 1
github.com/mattermost/mattermost/server/v8/channels/app/imports/import_validators.go:821.76,823.3 1 1
github.com/mattermost/mattermost/server/v8/channels/app/imports/import_validators.go:825.2,825.21 1 1
github.com/mattermost/mattermost/server/v8/channels/app/imports/import_validators.go:828.79,829.17 1 1
github.com/mattermost/mattermost/server/v8/channels/app/imports/import_validators.go:829.17,831.3 1 1
github.com/mattermost/mattermost/server/v8/channels/app/imports/import_validators.go:833.2,833.42 1 1
github.com/mattermost/mattermost/server/v8/channels/app/imports/import_validators.go:833.42,835.3 1 1
github.com/mattermost/mattermost/server/v8/channels/app/imports/import_validators.go:838.2,838.90 1 1
github.com/mattermost/mattermost/server/v8/channels/app/imports/import_validators.go:838.90,840.3 1 1
github.com/mattermost/mattermost/server/v8/channels/app/imports/import_validators.go:842.2,842.12 1 1
github.com/mattermost/mattermost/server/v8/path.go:12.30,18.2 2 0
github.com/mattermost/mattermost/server/v8/build/docker-compose-generator/main.go:25.13,42.34 3 0
github.com/mattermost/mattermost/server/v8/build/docker-compose-generator/main.go:42.34,44.10 2 0
github.com/mattermost/mattermost/server/v8/build/docker-compose-generator/main.go:44.10,45.49 1 0
github.com/mattermost/mattermost/server/v8/build/docker-compose-generator/main.go:47.3,47.61 1 0
github.com/mattermost/mattermost/server/v8/build/docker-compose-generator/main.go:50.2,59.16 5 0
github.com/mattermost/mattermost/server/v8/build/docker-compose-generator/main.go:59.16,60.86 1 0
github.com/mattermost/mattermost/server/v8/build/docker-compose-generator/main.go:62.2,62.33 1 0
github.com/mattermost/mattermost/server/v8/channels/app/plugin_api_tests/basic_config.go:22.31,24.19 1 0
github.com/mattermost/mattermost/server/v8/channels/app/plugin_api_tests/basic_config.go:24.19,26.3 1 0
github.com/mattermost/mattermost/server/v8/channels/app/plugin_api_tests/basic_config.go:28.2,30.25 2 0
github.com/mattermost/mattermost/server/v8/channels/app/plugin_api_tests/basic_config.go:32.63,33.29 1 0
github.com/mattermost/mattermost/server/v8/channels/app/plugin_api_tests/basic_config.go:35.19,36.23 1 0
github.com/mattermost/mattermost/server/v8/channels/app/plugin_api_tests/basic_config.go:36.23,38.4 1 0
github.com/mattermost/mattermost/server/v8/channels/app/plugin_api_tests/basic_config.go:39.3,40.24 2 0
github.com/mattermost/mattermost/server/v8/channels/app/plugin_api_tests/basic_config.go:42.10,44.53 2 0
[...]
github.com/mattermost/mattermost/server/v8/platform/shared/filestore/s3store.go:118.16,120.3 1 0
github.com/mattermost/mattermost/server/v8/platform/shared/filestore/s3store.go:121.2,123.21 3 1
github.com/mattermost/mattermost/server/v8/platform/shared/filestore/s3store.go:129.47,132.2 2 0
github.com/mattermost/mattermost/server/v8/platform/shared/filestore/s3store.go:139.65,142.13 2 1
github.com/mattermost/mattermost/server/v8/platform/shared/filestore/s3store.go:142.13,144.3 1 0
github.com/mattermost/mattermost/server/v8/platform/shared/filestore/s3store.go:144.8,144.51 1 1
github.com/mattermost/mattermost/server/v8/platform/shared/filestore/s3store.go:144.51,146.3 1 0
github.com/mattermost/mattermost/server/v8/platform/shared/filestore/s3store.go:146.8,146.21 1 1
github.com/mattermost/mattermost/server/v8/platform/shared/filestore/s3store.go:146.21,148.3 1 0
github.com/mattermost/mattermost/server/v8/platform/shared/filestore/s3store.go:148.8,150.3 1 1
github.com/mattermost/mattermost/server/v8/platform/shared/filestore/s3store.go:152.2,159.16 3 1
github.com/mattermost/mattermost/server/v8/platform/shared/filestore/s3store.go:159.16,161.3 1 0
github.com/mattermost/mattermost/server/v8/platform/shared/filestore/s3store.go:162.2,162.18 1 1
github.com/mattermost/mattermost/server/v8/platform/shared/filestore/s3store.go:162.18,164.3 1 1
github.com/mattermost/mattermost/server/v8/platform/shared/filestore/s3store.go:165.2,168.13 2 1
github.com/mattermost/mattermost/server/v8/platform/shared/filestore/s3store.go:168.13,170.15 2 0
github.com/mattermost/mattermost/server/v8/platform/shared/filestore/s3store.go:170.15,172.4 1 0
github.com/mattermost/mattermost/server/v8/platform/shared/filestore/s3store.go:173.3,179.4 3 0
github.com/mattermost/mattermost/server/v8/platform/shared/filestore/s3store.go:182.2,183.16 2 1
github.com/mattermost/mattermost/server/v8/platform/shared/filestore/s3store.go:183.16,185.3 1 0
github.com/mattermost/mattermost/server/v8/platform/shared/filestore/s3store.go:187.2,187.13 1 1
github.com/mattermost/mattermost/server/v8/platform/shared/filestore/s3store.go:187.13,189.3 1 0
github.com/mattermost/mattermost/server/v8/platform/shared/filestore/s3store.go:191.2,191.52 1 1
github.com/mattermost/mattermost/server/v8/platform/shared/filestore/s3store.go:191.52,192.32 1 1
github.com/mattermost/mattermost/server/v8/platform/shared/filestore/s3store.go:192.32,194.4 1 1
github.com/mattermost/mattermost/server/v8/platform/shared/filestore/s3store.go:195.3,195.51 1 1
github.com/mattermost/mattermost/server/v8/platform/shared/filestore/s3store.go:198.2,198.20 1 1
github.com/mattermost/mattermost/server/v8/platform/shared/filestore/s3store.go:201.45,203.2 1 0
github.com/mattermost/mattermost/server/v8/platform/shared/filestore/s3store.go:205.48,213.24 5 1
github.com/mattermost/mattermost/server/v8/platform/shared/filestore/s3store.go:213.24,215.21 2 0
github.com/mattermost/mattermost/server/v8/platform/shared/filestore/s3store.go:215.21,217.73 2 0
github.com/mattermost/mattermost/server/v8/platform/shared/filestore/s3store.go:217.73,219.5 1 0
github.com/mattermost/mattermost/server/v8/platform/shared/filestore/s3store.go:220.4,220.18 1 0
github.com/mattermost/mattermost/server/v8/platform/shared/filestore/s3store.go:222.8,224.17 2 1
github.com/mattermost/mattermost/server/v8/platform/shared/filestore/s3store.go:224.17,226.73 2 1
github.com/mattermost/mattermost/server/v8/platform/shared/filestore/s3store.go:226.73,228.5 1 1
github.com/mattermost/mattermost/server/v8/platform/shared/filestore/s3store.go:232.2,232.13 1 0
github.com/mattermost/mattermost/server/v8/platform/shared/filestore/s3store.go:232.13,234.3 1 0
github.com/mattermost/mattermost/server/v8/platform/shared/filestore/s3store.go:235.2,236.12 2 0
github.com/mattermost/mattermost/server/v8/platform/shared/filestore/s3store.go:239.44,243.16 4 1
github.com/mattermost/mattermost/server/v8/platform/shared/filestore/s3store.go:243.16,245.3 1 1
github.com/mattermost/mattermost/server/v8/platform/shared/filestore/s3store.go:246.2,246.12 1 0
github.com/mattermost/mattermost/server/v8/platform/shared/filestore/s3store.go:257.39,261.2 3 0
github.com/mattermost/mattermost/server/v8/platform/shared/filestore/s3store.go:266.46,268.2 1 1
github.com/mattermost/mattermost/server/v8/platform/shared/filestore/s3store.go:271.70,273.16 2 0
github.com/mattermost/mattermost/server/v8/platform/shared/filestore/s3store.go:273.16,275.3 1 0
github.com/mattermost/mattermost/server/v8/platform/shared/filestore/s3store.go:276.2,278.16 3 0
github.com/mattermost/mattermost/server/v8/platform/shared/filestore/s3store.go:278.16,281.3 2 0
github.com/mattermost/mattermost/server/v8/platform/shared/filestore/s3store.go:283.2,289.16 2 0
github.com/mattermost/mattermost/server/v8/platform/shared/filestore/s3store.go:292.63,294.16 2 1
github.com/mattermost/mattermost/server/v8/platform/shared/filestore/s3store.go:294.16,296.3 1 0
github.com/mattermost/mattermost/server/v8/platform/shared/filestore/s3store.go:297.2,300.16 4 1
github.com/mattermost/mattermost/server/v8/platform/shared/filestore/s3store.go:300.16,302.3 1 0
github.com/mattermost/mattermost/server/v8/platform/shared/filestore/s3store.go:304.2,306.16 3 1
github.com/mattermost/mattermost/server/v8/platform/shared/filestore/s3store.go:306.16,308.3 1 1
github.com/mattermost/mattermost/server/v8/platform/shared/filestore/s3store.go:309.2,309.15 1 0
github.com/mattermost/mattermost/server/v8/platform/shared/filestore/s3store.go:312.63,314.16 2 1
github.com/mattermost/mattermost/server/v8/platform/shared/filestore/s3store.go:314.16,316.3 1 0
github.com/mattermost/mattermost/server/v8/platform/shared/filestore/s3store.go:318.2,318.28 1 1
github.com/mattermost/mattermost/server/v8/platform/shared/filestore/s3store.go:321.64,325.16 4 1
github.com/mattermost/mattermost/server/v8/platform/shared/filestore/s3store.go:325.16,327.3 1 0
github.com/mattermost/mattermost/server/v8/platform/shared/filestore/s3store.go:329.2,330.55 2 1
github.com/mattermost/mattermost/server/v8/platform/shared/filestore/s3store.go:330.55,332.3 1 0
github.com/mattermost/mattermost/server/v8/platform/shared/filestore/s3store.go:334.2,334.75 1 1
github.com/mattermost/mattermost/server/v8/platform/shared/filestore/s3store.go:337.62,339.16 2 1
github.com/mattermost/mattermost/server/v8/platform/shared/filestore/s3store.go:339.16,341.3 1 0
github.com/mattermost/mattermost/server/v8/platform/shared/filestore/s3store.go:343.2,346.16 4 1
github.com/mattermost/mattermost/server/v8/platform/shared/filestore/s3store.go:346.16,348.3 1 1
github.com/mattermost/mattermost/server/v8/platform/shared/filestore/s3store.go:350.2,350.23 1 0
github.com/mattermost/mattermost/server/v8/platform/shared/filestore/s3store.go:353.69,355.16 2 1
github.com/mattermost/mattermost/server/v8/platform/shared/filestore/s3store.go:355.16,357.3 1 0
github.com/mattermost/mattermost/server/v8/platform/shared/filestore/s3store.go:359.2,362.16 4 1
github.com/mattermost/mattermost/server/v8/platform/shared/filestore/s3store.go:362.16,364.3 1 1
github.com/mattermost/mattermost/server/v8/platform/shared/filestore/s3store.go:366.2,366.31 1 0
github.com/mattermost/mattermost/server/v8/platform/shared/filestore/s3store.go:369.65,371.16 2 1
github.com/mattermost/mattermost/server/v8/platform/shared/filestore/s3store.go:371.16,373.3 1 0
github.com/mattermost/mattermost/server/v8/platform/shared/filestore/s3store.go:374.2,379.15 3 1
github.com/mattermost/mattermost/server/v8/platform/shared/filestore/s3store.go:379.15,381.3 1 1
github.com/mattermost/mattermost/server/v8/platform/shared/filestore/s3store.go:383.2,387.15 2 1
github.com/mattermost/mattermost/server/v8/platform/shared/filestore/s3store.go:387.15,389.3 1 1
github.com/mattermost/mattermost/server/v8/platform/shared/filestore/s3store.go:391.2,393.70 3 1
github.com/mattermost/mattermost/server/v8/platform/shared/filestore/s3store.go:393.70,395.3 1 1
github.com/mattermost/mattermost/server/v8/platform/shared/filestore/s3store.go:397.2,397.12 1 0
github.com/mattermost/mattermost/server/v8/platform/shared/filestore/s3store.go:403.67,406.38 1 0
github.com/mattermost/mattermost/server/v8/platform/shared/filestore/s3store.go:406.38,408.3 1 0
github.com/mattermost/mattermost/server/v8/platform/shared/filestore/s3store.go:411.2,412.16 2 0
github.com/mattermost/mattermost/server/v8/platform/shared/filestore/s3store.go:412.16,414.3 1 0
github.com/mattermost/mattermost/server/v8/platform/shared/filestore/s3store.go:416.2,416.13 1 0
github.com/mattermost/mattermost/server/v8/platform/shared/filestore/s3store.go:416.13,418.3 1 0
github.com/mattermost/mattermost/server/v8/platform/shared/filestore/s3store.go:423.2,429.15 4 0
github.com/mattermost/mattermost/server/v8/platform/shared/filestore/s3store.go:429.15,431.3 1 0
github.com/mattermost/mattermost/server/v8/platform/shared/filestore/s3store.go:433.2,437.15 2 0
github.com/mattermost/mattermost/server/v8/platform/shared/filestore/s3store.go:437.15,439.3 1 0
github.com/mattermost/mattermost/server/v8/platform/shared/filestore/s3store.go:441.2,443.70 3 0
github.com/mattermost/mattermost/server/v8/platform/shared/filestore/s3store.go:443.70,445.3 1 0
github.com/mattermost/mattermost/server/v8/platform/shared/filestore/s3store.go:447.2,449.97 3 0
github.com/mattermost/mattermost/server/v8/platform/shared/filestore/s3store.go:449.97,451.3 1 0
github.com/mattermost/mattermost/server/v8/platform/shared/filestore/s3store.go:453.2,453.12 1 0
github.com/mattermost/mattermost/server/v8/platform/shared/filestore/s3store.go:456.65,458.16 2 1
github.com/mattermost/mattermost/server/v8/platform/shared/filestore/s3store.go:458.16,460.3 1 0
github.com/mattermost/mattermost/server/v8/platform/shared/filestore/s3store.go:461.2,466.15 3 1
github.com/mattermost/mattermost/server/v8/platform/shared/filestore/s3store.go:466.15,468.3 1 1
github.com/mattermost/mattermost/server/v8/platform/shared/filestore/s3store.go:470.2,474.15 2 1
github.com/mattermost/mattermost/server/v8/platform/shared/filestore/s3store.go:474.15,476.3 1 1
github.com/mattermost/mattermost/server/v8/platform/shared/filestore/s3store.go:478.2,480.70 3 1
github.com/mattermost/mattermost/server/v8/platform/shared/filestore/s3store.go:480.70,482.3 1 1
github.com/mattermost/mattermost/server/v8/platform/shared/filestore/s3store.go:484.2,486.97 3 0
github.com/mattermost/mattermost/server/v8/platform/shared/filestore/s3store.go:486.97,488.3 1 0
github.com/mattermost/mattermost/server/v8/platform/shared/filestore/s3store.go:490.2,490.12 1 0
github.com/mattermost/mattermost/server/v8/platform/shared/filestore/s3store.go:493.77,498.2 3 1
github.com/mattermost/mattermost/server/v8/platform/shared/filestore/s3store.go:500.105,509.15 7 1
github.com/mattermost/mattermost/server/v8/platform/shared/filestore/s3store.go:509.15,511.3 1 0
github.com/mattermost/mattermost/server/v8/platform/shared/filestore/s3store.go:511.8,514.25 1 1
github.com/mattermost/mattermost/server/v8/platform/shared/filestore/s3store.go:515.22,516.28 1 0
github.com/mattermost/mattermost/server/v8/platform/shared/filestore/s3store.go:517.17,518.40 1 0
github.com/mattermost/mattermost/server/v8/platform/shared/filestore/s3store.go:518.40,520.5 1 0
github.com/mattermost/mattermost/server/v8/platform/shared/filestore/s3store.go:524.2,525.16 2 1
github.com/mattermost/mattermost/server/v8/platform/shared/filestore/s3store.go:525.16,527.3 1 1
github.com/mattermost/mattermost/server/v8/platform/shared/filestore/s3store.go:529.2,529.23 1 0
github.com/mattermost/mattermost/server/v8/platform/shared/filestore/s3store.go:532.78,534.16 2 1
github.com/mattermost/mattermost/server/v8/platform/shared/filestore/s3store.go:534.16,536.3 1 0
github.com/mattermost/mattermost/server/v8/platform/shared/filestore/s3store.go:537.2,539.92 3 1
github.com/mattermost/mattermost/server/v8/platform/shared/filestore/s3store.go:539.92,541.3 1 1
github.com/mattermost/mattermost/server/v8/platform/shared/filestore/s3store.go:543.2,551.15 8 0
github.com/mattermost/mattermost/server/v8/platform/shared/filestore/s3store.go:551.15,553.3 1 0
github.com/mattermost/mattermost/server/v8/platform/shared/filestore/s3store.go:556.2,556.53 1 0
github.com/mattermost/mattermost/server/v8/platform/shared/filestore/s3store.go:556.53,558.3 1 0
github.com/mattermost/mattermost/server/v8/platform/shared/filestore/s3store.go:559.2,560.16 2 0
github.com/mattermost/mattermost/server/v8/platform/shared/filestore/s3store.go:560.16,562.3 1 0
github.com/mattermost/mattermost/server/v8/platform/shared/filestore/s3store.go:563.2,563.15 1 0
github.com/mattermost/mattermost/server/v8/platform/shared/filestore/s3store.go:563.15,567.3 3 0
github.com/mattermost/mattermost/server/v8/platform/shared/filestore/s3store.go:569.2,585.16 7 0
github.com/mattermost/mattermost/server/v8/platform/shared/filestore/s3store.go:585.16,587.3 1 0
github.com/mattermost/mattermost/server/v8/platform/shared/filestore/s3store.go:588.2,588.23 1 0
github.com/mattermost/mattermost/server/v8/platform/shared/filestore/s3store.go:591.55,593.16 2 1
github.com/mattermost/mattermost/server/v8/platform/shared/filestore/s3store.go:593.16,595.3 1 0
github.com/mattermost/mattermost/server/v8/platform/shared/filestore/s3store.go:596.2,598.93 3 1
github.com/mattermost/mattermost/server/v8/platform/shared/filestore/s3store.go:598.93,600.3 1 1
github.com/mattermost/mattermost/server/v8/platform/shared/filestore/s3store.go:602.2,602.12 1 0
github.com/mattermost/mattermost/server/v8/platform/shared/filestore/s3store.go:605.86,607.16 2 1
github.com/mattermost/mattermost/server/v8/platform/shared/filestore/s3store.go:607.16,609.3 1 0
github.com/mattermost/mattermost/server/v8/platform/shared/filestore/s3store.go:610.2,610.49 1 1
github.com/mattermost/mattermost/server/v8/platform/shared/filestore/s3store.go:610.49,614.3 1 1
github.com/mattermost/mattermost/server/v8/platform/shared/filestore/s3store.go:616.2,624.64 6 1
github.com/mattermost/mattermost/server/v8/platform/shared/filestore/s3store.go:624.64,625.24 1 1
github.com/mattermost/mattermost/server/v8/platform/shared/filestore/s3store.go:625.24,627.4 1 1
github.com/mattermost/mattermost/server/v8/platform/shared/filestore/s3store.go:630.3,632.20 3 0
github.com/mattermost/mattermost/server/v8/platform/shared/filestore/s3store.go:632.20,634.4 1 0
github.com/mattermost/mattermost/server/v8/platform/shared/filestore/s3store.go:635.3,635.10 1 0
github.com/mattermost/mattermost/server/v8/platform/shared/filestore/s3store.go:638.2,638.78 1 0
github.com/mattermost/mattermost/server/v8/platform/shared/filestore/s3store.go:638.78,641.3 1 0
github.com/mattermost/mattermost/server/v8/platform/shared/filestore/s3store.go:643.2,643.19 1 0
github.com/mattermost/mattermost/server/v8/platform/shared/filestore/s3store.go:646.70,648.2 1 1
github.com/mattermost/mattermost/server/v8/platform/shared/filestore/s3store.go:650.81,652.2 1 1
github.com/mattermost/mattermost/server/v8/platform/shared/filestore/s3store.go:654.60,656.16 2 1
github.com/mattermost/mattermost/server/v8/platform/shared/filestore/s3store.go:656.16,658.3 1 0
github.com/mattermost/mattermost/server/v8/platform/shared/filestore/s3store.go:659.2,667.64 4 1
github.com/mattermost/mattermost/server/v8/platform/shared/filestore/s3store.go:667.64,668.24 1 1
github.com/mattermost/mattermost/server/v8/platform/shared/filestore/s3store.go:668.24,670.4 1 1
github.com/mattermost/mattermost/server/v8/platform/shared/filestore/s3store.go:673.3,676.17 4 0
github.com/mattermost/mattermost/server/v8/platform/shared/filestore/s3store.go:676.17,678.4 1 0
github.com/mattermost/mattermost/server/v8/platform/shared/filestore/s3store.go:681.2,681.12 1 0
github.com/mattermost/mattermost/server/v8/platform/shared/filestore/s3store.go:686.85,688.13 2 1
github.com/mattermost/mattermost/server/v8/platform/shared/filestore/s3store.go:688.13,690.3 1 1
github.com/mattermost/mattermost/server/v8/platform/shared/filestore/s3store.go:692.2,693.16 2 1
github.com/mattermost/mattermost/server/v8/platform/shared/filestore/s3store.go:693.16,695.3 1 0
github.com/mattermost/mattermost/server/v8/platform/shared/filestore/s3store.go:697.2,699.12 2 1
github.com/mattermost/mattermost/server/v8/platform/shared/filestore/s3store.go:699.12,710.17 7 1
github.com/mattermost/mattermost/server/v8/platform/shared/filestore/s3store.go:710.17,714.23 2 0
github.com/mattermost/mattermost/server/v8/platform/shared/filestore/s3store.go:714.23,716.5 1 0
github.com/mattermost/mattermost/server/v8/platform/shared/filestore/s3store.go:717.4,717.95 1 0
github.com/mattermost/mattermost/server/v8/platform/shared/filestore/s3store.go:717.95,719.5 1 0
github.com/mattermost/mattermost/server/v8/platform/shared/filestore/s3store.go:720.4,720.10 1 0
github.com/mattermost/mattermost/server/v8/platform/shared/filestore/s3store.go:724.3,732.66 5 1
github.com/mattermost/mattermost/server/v8/platform/shared/filestore/s3store.go:732.66,733.25 1 1
github.com/mattermost/mattermost/server/v8/platform/shared/filestore/s3store.go:733.25,736.5 2 1
github.com/mattermost/mattermost/server/v8/platform/shared/filestore/s3store.go:738.4,738.90 1 0
github.com/mattermost/mattermost/server/v8/platform/shared/filestore/s3store.go:738.90,741.5 2 0
github.com/mattermost/mattermost/server/v8/platform/shared/filestore/s3store.go:745.2,745.16 1 1
github.com/mattermost/mattermost/server/v8/platform/shared/filestore/s3store.go:748.139,763.16 6 0
github.com/mattermost/mattermost/server/v8/platform/shared/filestore/s3store.go:763.16,765.3 1 0
github.com/mattermost/mattermost/server/v8/platform/shared/filestore/s3store.go:767.2,768.16 2 0
github.com/mattermost/mattermost/server/v8/platform/shared/filestore/s3store.go:768.16,770.3 1 0
github.com/mattermost/mattermost/server/v8/platform/shared/filestore/s3store.go:771.2,774.16 3 0
github.com/mattermost/mattermost/server/v8/platform/shared/filestore/s3store.go:774.16,776.3 1 0
github.com/mattermost/mattermost/server/v8/platform/shared/filestore/s3store.go:778.2,778.12 1 0
github.com/mattermost/mattermost/server/v8/platform/shared/filestore/s3store.go:781.88,783.16 2 0
github.com/mattermost/mattermost/server/v8/platform/shared/filestore/s3store.go:783.16,785.3 1 0
github.com/mattermost/mattermost/server/v8/platform/shared/filestore/s3store.go:786.2,793.16 6 0
github.com/mattermost/mattermost/server/v8/platform/shared/filestore/s3store.go:793.16,795.3 1 0
github.com/mattermost/mattermost/server/v8/platform/shared/filestore/s3store.go:797.2,797.44 1 0
github.com/mattermost/mattermost/server/v8/platform/shared/filestore/s3store.go:800.68,802.16 2 0
github.com/mattermost/mattermost/server/v8/platform/shared/filestore/s3store.go:802.16,806.59 2 0
github.com/mattermost/mattermost/server/v8/platform/shared/filestore/s3store.go:806.59,808.4 1 0
github.com/mattermost/mattermost/server/v8/platform/shared/filestore/s3store.go:809.3,809.73 1 0
github.com/mattermost/mattermost/server/v8/platform/shared/filestore/s3store.go:811.2,811.20 1 0
github.com/mattermost/mattermost/server/v8/platform/shared/filestore/s3store.go:814.64,815.15 1 1
github.com/mattermost/mattermost/server/v8/platform/shared/filestore/s3store.go:815.15,818.17 2 0
github.com/mattermost/mattermost/server/v8/platform/shared/filestore/s3store.go:818.17,820.4 1 0
github.com/mattermost/mattermost/server/v8/platform/shared/filestore/s3store.go:824.3,824.14 1 0
github.com/mattermost/mattermost/server/v8/platform/shared/filestore/s3store.go:824.14,833.4 1 0
github.com/mattermost/mattermost/server/v8/platform/shared/filestore/s3store.go:835.2,835.44 1 1
github.com/mattermost/mattermost/server/v8/platform/shared/filestore/s3store.go:838.118,840.15 2 1
github.com/mattermost/mattermost/server/v8/platform/shared/filestore/s3store.go:840.15,842.3 1 1
github.com/mattermost/mattermost/server/v8/platform/shared/filestore/s3store.go:843.2,847.16 4 1
